
superpose2.hk:
hkc: src/hakaru/superpose2.hk: openFile: does not exist (No such file or directory)

boolNot.hk:
hkc: src/hakaru/boolNot.hk: openFile: does not exist (No such file or directory)

summary1.hk:
hkc: src/hakaru/summary1.hk: openFile: does not exist (No such file or directory)

prob3.hk:
hkc: src/hakaru/prob3.hk: openFile: does not exist (No such file or directory)

superpose.hk:
hkc: src/hakaru/superpose.hk: openFile: does not exist (No such file or directory)

summateProbs.hk:
hkc: src/hakaru/summateProbs.hk: openFile: does not exist (No such file or directory)

2datadecl.hk:
hkc: src/hakaru/2datadecl.hk: openFile: does not exist (No such file or directory)

logisticRegression.hk:
hkc: src/hakaru/logisticRegression.hk: openFile: does not exist (No such file or directory)

music.hk:
hkc: src/hakaru/music.hk: openFile: does not exist (No such file or directory)

measureNormal.hk:
hkc: src/hakaru/measureNormal.hk: openFile: does not exist (No such file or directory)

summateProbsNested3-10.hk:
hkc: src/hakaru/summateProbsNested3-10.hk: openFile: does not exist (No such file or directory)

binaryAnd2.hk:
hkc: src/hakaru/binaryAnd2.hk: openFile: does not exist (No such file or directory)

superpose5.hk:
hkc: src/hakaru/superpose5.hk: openFile: does not exist (No such file or directory)

simp.hk:
hkc: src/hakaru/simp.hk: openFile: does not exist (No such file or directory)

arrayIndex.hk:
hkc: src/hakaru/arrayIndex.hk: openFile: does not exist (No such file or directory)

summateProbs1k.hk:
hkc: src/hakaru/summateProbs1k.hk: openFile: does not exist (No such file or directory)

superposeNormals.hk:
hkc: src/hakaru/superposeNormals.hk: openFile: does not exist (No such file or directory)

summateProbs100M.hk:
hkc: src/hakaru/summateProbs100M.hk: openFile: does not exist (No such file or directory)

prob.hk:
hkc: src/hakaru/prob.hk: openFile: does not exist (No such file or directory)

measureLebesgue.hk:
hkc: src/hakaru/measureLebesgue.hk: openFile: does not exist (No such file or directory)

probSum3.hk:
hkc: src/hakaru/probSum3.hk: openFile: does not exist (No such file or directory)

nb_simp.hk:
hkc: src/hakaru/nb_simp.hk: openFile: does not exist (No such file or directory)

summateProbsNested1k.hk:
hkc: src/hakaru/summateProbsNested1k.hk: openFile: does not exist (No such file or directory)

measureUniform.hk:
hkc: src/hakaru/measureUniform.hk: openFile: does not exist (No such file or directory)

dirac2.hk:
hkc: src/hakaru/dirac2.hk: openFile: does not exist (No such file or directory)

summateProbsNested100.hk:
hkc: src/hakaru/summateProbsNested100.hk: openFile: does not exist (No such file or directory)

vec3Def.hk:
hkc: src/hakaru/vec3Def.hk: openFile: does not exist (No such file or directory)

measureCategorical3.hk:
hkc: src/hakaru/measureCategorical3.hk: openFile: does not exist (No such file or directory)

plateNormal.hk:
hkc: src/hakaru/plateNormal.hk: openFile: does not exist (No such file or directory)

matchPairRec.hk:
hkc: src/hakaru/matchPairRec.hk: openFile: does not exist (No such file or directory)

summateProbsM.hk:
hkc: src/hakaru/summateProbsM.hk: openFile: does not exist (No such file or directory)

triple.hk:
hkc: src/hakaru/triple.hk: openFile: does not exist (No such file or directory)

summateReals.hk:
hkc: src/hakaru/summateReals.hk: openFile: does not exist (No such file or directory)

boolEq.hk:
hkc: src/hakaru/boolEq.hk: openFile: does not exist (No such file or directory)

lam2.hk:
hkc: src/hakaru/lam2.hk: openFile: does not exist (No such file or directory)

addInt2.hk:
hkc: src/hakaru/addInt2.hk: openFile: does not exist (No such file or directory)

simp_nbg.hk:
hkc: src/hakaru/simp_nbg.hk: openFile: does not exist (No such file or directory)

duple.hk:
hkc: src/hakaru/duple.hk: openFile: does not exist (No such file or directory)

naryProbSum100.hk:
hkc: src/hakaru/naryProbSum100.hk: openFile: does not exist (No such file or directory)

vec3.hk:
hkc: src/hakaru/vec3.hk: openFile: does not exist (No such file or directory)

summateExtreme.hk:
hkc: src/hakaru/summateExtreme.hk: openFile: does not exist (No such file or directory)

matchMaybe2.hk:
hkc: src/hakaru/matchMaybe2.hk: openFile: does not exist (No such file or directory)

summateProbsM100k.hk:
hkc: src/hakaru/summateProbsM100k.hk: openFile: does not exist (No such file or directory)

measureBeta.hk:
hkc: src/hakaru/measureBeta.hk: openFile: does not exist (No such file or directory)

plateDirac.hk:
hkc: src/hakaru/plateDirac.hk: openFile: does not exist (No such file or directory)

datumTriple.hk:
hkc: src/hakaru/datumTriple.hk: openFile: does not exist (No such file or directory)

summateProbsNested3-1k.hk:
hkc: src/hakaru/summateProbsNested3-1k.hk: openFile: does not exist (No such file or directory)

product.hk:
hkc: src/hakaru/product.hk: openFile: does not exist (No such file or directory)

simp_observe.hk:
hkc: src/hakaru/simp_observe.hk: openFile: does not exist (No such file or directory)

sumUniform.hk:
hkc: src/hakaru/sumUniform.hk: openFile: does not exist (No such file or directory)

matchMaybe.hk:
hkc: src/hakaru/matchMaybe.hk: openFile: does not exist (No such file or directory)

probSum2.hk:
hkc: src/hakaru/probSum2.hk: openFile: does not exist (No such file or directory)

productNestedProb.hk:
hkc: src/hakaru/productNestedProb.hk: openFile: does not exist (No such file or directory)

heirarchicalLogisticRegression.hk:
hkc: src/hakaru/heirarchicalLogisticRegression.hk: openFile: does not exist (No such file or directory)

id.hk:
hkc: src/hakaru/id.hk: openFile: does not exist (No such file or directory)

prob2.hk:
hkc: src/hakaru/prob2.hk: openFile: does not exist (No such file or directory)

closure1.hk:
hkc: src/hakaru/closure1.hk: openFile: does not exist (No such file or directory)

addProb2.hk:
hkc: src/hakaru/addProb2.hk: openFile: does not exist (No such file or directory)

closure2.hk:
hkc: src/hakaru/closure2.hk: openFile: does not exist (No such file or directory)

prob2b.hk:
hkc: src/hakaru/prob2b.hk: openFile: does not exist (No such file or directory)

weightsUniform.hk:
hkc: src/hakaru/weightsUniform.hk: openFile: does not exist (No such file or directory)

markovChain.hk:
hkc: src/hakaru/markovChain.hk: openFile: does not exist (No such file or directory)

summateProbs100.hk:
hkc: src/hakaru/summateProbs100.hk: openFile: does not exist (No such file or directory)

closure3.hk:
hkc: src/hakaru/closure3.hk: openFile: does not exist (No such file or directory)

addInt1.hk:
hkc: src/hakaru/addInt1.hk: openFile: does not exist (No such file or directory)

prob4.hk:
hkc: src/hakaru/prob4.hk: openFile: does not exist (No such file or directory)

productProb.hk:
hkc: src/hakaru/productProb.hk: openFile: does not exist (No such file or directory)

plateUniform.hk:
hkc: src/hakaru/plateUniform.hk: openFile: does not exist (No such file or directory)

observe.hk:
hkc: src/hakaru/observe.hk: openFile: does not exist (No such file or directory)

linearModel.hk:
hkc: src/hakaru/linearModel.hk: openFile: does not exist (No such file or directory)

measureDirac.hk:
hkc: src/hakaru/measureDirac.hk: openFile: does not exist (No such file or directory)

underflow.hk:
hkc: src/hakaru/underflow.hk: openFile: does not exist (No such file or directory)

return1.hk:
hkc: src/hakaru/return1.hk: openFile: does not exist (No such file or directory)

summateProbs1M.hk:
hkc: src/hakaru/summateProbs1M.hk: openFile: does not exist (No such file or directory)

probSumDirac.hk:
hkc: src/hakaru/probSumDirac.hk: openFile: does not exist (No such file or directory)

true.hk:
hkc: src/hakaru/true.hk: openFile: does not exist (No such file or directory)

superposeRec.hk:
hkc: src/hakaru/superposeRec.hk: openFile: does not exist (No such file or directory)

bool.hk:
hkc: src/hakaru/bool.hk: openFile: does not exist (No such file or directory)

defFuns.hk:
hkc: src/hakaru/defFuns.hk: openFile: does not exist (No such file or directory)

naiveBayesClassifier.hk:
hkc: src/hakaru/naiveBayesClassifier.hk: openFile: does not exist (No such file or directory)

measureGamma.hk:
hkc: src/hakaru/measureGamma.hk: openFile: does not exist (No such file or directory)

tugofwar.hk:
hkc: src/hakaru/tugofwar.hk: openFile: does not exist (No such file or directory)

addProb1.hk:
hkc: src/hakaru/addProb1.hk: openFile: does not exist (No such file or directory)

userbool.hk:
hkc: src/hakaru/userbool.hk: openFile: does not exist (No such file or directory)

summateProbsNested10k.hk:
hkc: src/hakaru/summateProbsNested10k.hk: openFile: does not exist (No such file or directory)

plate1.hk:
hkc: src/hakaru/plate1.hk: openFile: does not exist (No such file or directory)

arrayLitPretty.hk:
hkc: src/hakaru/arrayLitPretty.hk: openFile: does not exist (No such file or directory)

factorial.hk:
hkc: src/hakaru/factorial.hk: openFile: does not exist (No such file or directory)

probSum.hk:
hkc: src/hakaru/probSum.hk: openFile: does not exist (No such file or directory)

matchBool.hk:
hkc: src/hakaru/matchBool.hk: openFile: does not exist (No such file or directory)

dataUnit.hk:
hkc: src/hakaru/dataUnit.hk: openFile: does not exist (No such file or directory)

summate.hk:
hkc: src/hakaru/summate.hk: openFile: does not exist (No such file or directory)

plate.hk:
hkc: src/hakaru/plate.hk: openFile: does not exist (No such file or directory)

dataPair.hk:
hkc: src/hakaru/dataPair.hk: openFile: does not exist (No such file or directory)

summateProbs10k.hk:
hkc: src/hakaru/summateProbs10k.hk: openFile: does not exist (No such file or directory)

2normals.hk:
hkc: src/hakaru/2normals.hk: openFile: does not exist (No such file or directory)

lam.hk:
hkc: src/hakaru/lam.hk: openFile: does not exist (No such file or directory)

lamMeasure.hk:
hkc: src/hakaru/lamMeasure.hk: openFile: does not exist (No such file or directory)

measureCategorical.hk:
hkc: src/hakaru/measureCategorical.hk: openFile: does not exist (No such file or directory)

matchPair.hk:
hkc: src/hakaru/matchPair.hk: openFile: does not exist (No such file or directory)

arrayCoercion.hk:
hkc: src/hakaru/arrayCoercion.hk: openFile: does not exist (No such file or directory)

binaryAnd.hk:
hkc: src/hakaru/binaryAnd.hk: openFile: does not exist (No such file or directory)

arrayReduceNoBind.hk:
hkc: src/hakaru/arrayReduceNoBind.hk: openFile: does not exist (No such file or directory)

vec3Match.hk:
hkc: src/hakaru/vec3Match.hk: openFile: does not exist (No such file or directory)

measureRejectInt.hk:
hkc: src/hakaru/measureRejectInt.hk: openFile: does not exist (No such file or directory)

state.hk:
hkc: src/hakaru/state.hk: openFile: does not exist (No such file or directory)

lamSum.hk:
hkc: src/hakaru/lamSum.hk: openFile: does not exist (No such file or directory)

false.hk:
hkc: src/hakaru/false.hk: openFile: does not exist (No such file or directory)

probProd.hk:
hkc: src/hakaru/probProd.hk: openFile: does not exist (No such file or directory)

sum2uniform.hk:
hkc: src/hakaru/sum2uniform.hk: openFile: does not exist (No such file or directory)

matchNested.hk:
hkc: src/hakaru/matchNested.hk: openFile: does not exist (No such file or directory)

letarray.hk:
hkc: src/hakaru/letarray.hk: openFile: does not exist (No such file or directory)

measureCategorical2.hk:
hkc: src/hakaru/measureCategorical2.hk: openFile: does not exist (No such file or directory)

weightsPlate.hk:
hkc: src/hakaru/weightsPlate.hk: openFile: does not exist (No such file or directory)

arraySize.hk:
hkc: src/hakaru/arraySize.hk: openFile: does not exist (No such file or directory)

plateUniform2.hk:
hkc: src/hakaru/plateUniform2.hk: openFile: does not exist (No such file or directory)

superpose3.hk:
hkc: src/hakaru/superpose3.hk: openFile: does not exist (No such file or directory)

datadeclThen42.hk:
hkc: src/hakaru/datadeclThen42.hk: openFile: does not exist (No such file or directory)

summateProbs100k.hk:
hkc: src/hakaru/summateProbs100k.hk: openFile: does not exist (No such file or directory)

superpose1b.hk:
hkc: src/hakaru/superpose1b.hk: openFile: does not exist (No such file or directory)

weights.hk:
hkc: src/hakaru/weights.hk: openFile: does not exist (No such file or directory)

closureMulti.hk:
hkc: src/hakaru/closureMulti.hk: openFile: does not exist (No such file or directory)

superpose1.hk:
hkc: src/hakaru/superpose1.hk: openFile: does not exist (No such file or directory)

datumUnit.hk:
hkc: src/hakaru/datumUnit.hk: openFile: does not exist (No such file or directory)

array2.hk:
hkc: src/hakaru/array2.hk: openFile: does not exist (No such file or directory)

measureCounting.hk:
hkc: src/hakaru/measureCounting.hk: openFile: does not exist (No such file or directory)

closureCapture.hk:
hkc: src/hakaru/closureCapture.hk: openFile: does not exist (No such file or directory)

asignal.hk:
hkc: src/hakaru/asignal.hk: openFile: does not exist (No such file or directory)

summateProbsNested3-100.hk:
hkc: src/hakaru/summateProbsNested3-100.hk: openFile: does not exist (No such file or directory)

sum3uniform.hk:
hkc: src/hakaru/sum3uniform.hk: openFile: does not exist (No such file or directory)

simp_hello2.hk:
hkc: src/hakaru/simp_hello2.hk: openFile: does not exist (No such file or directory)

perceptronTrain.hk:
hkc: src/hakaru/perceptronTrain.hk: openFile: does not exist (No such file or directory)

datumPair.hk:
hkc: src/hakaru/datumPair.hk: openFile: does not exist (No such file or directory)

productNested.hk:
hkc: src/hakaru/productNested.hk: openFile: does not exist (No such file or directory)

measurePoisson.hk:
hkc: src/hakaru/measurePoisson.hk: openFile: does not exist (No such file or directory)

arrayLit.hk:
hkc: src/hakaru/arrayLit.hk: openFile: does not exist (No such file or directory)

array.hk:
hkc: src/hakaru/array.hk: openFile: does not exist (No such file or directory)

MissingData.hk:
hkc: src/hakaru/MissingData.hk: openFile: does not exist (No such file or directory)

prob5.hk:
hkc: src/hakaru/prob5.hk: openFile: does not exist (No such file or directory)

naryProbSum.hk:
hkc: src/hakaru/naryProbSum.hk: openFile: does not exist (No such file or directory)

closure.hk:
hkc: src/hakaru/closure.hk: openFile: does not exist (No such file or directory)

matchPair2.hk:
hkc: src/hakaru/matchPair2.hk: openFile: does not exist (No such file or directory)

diracBound.hk:
hkc: src/hakaru/diracBound.hk: openFile: does not exist (No such file or directory)

superpose2.hk:
hkc: src/hakaru/superpose2.hk: openFile: does not exist (No such file or directory)

boolNot.hk:
hkc: src/hakaru/boolNot.hk: openFile: does not exist (No such file or directory)

summary1.hk:
hkc: src/hakaru/summary1.hk: openFile: does not exist (No such file or directory)

prob3.hk:
hkc: src/hakaru/prob3.hk: openFile: does not exist (No such file or directory)

superpose.hk:
hkc: src/hakaru/superpose.hk: openFile: does not exist (No such file or directory)

summateProbs.hk:
hkc: src/hakaru/summateProbs.hk: openFile: does not exist (No such file or directory)

2datadecl.hk:
hkc: src/hakaru/2datadecl.hk: openFile: does not exist (No such file or directory)

logisticRegression.hk:
hkc: src/hakaru/logisticRegression.hk: openFile: does not exist (No such file or directory)

music.hk:
hkc: src/hakaru/music.hk: openFile: does not exist (No such file or directory)

measureNormal.hk:
hkc: src/hakaru/measureNormal.hk: openFile: does not exist (No such file or directory)

summateProbsNested3-10.hk:
hkc: src/hakaru/summateProbsNested3-10.hk: openFile: does not exist (No such file or directory)

binaryAnd2.hk:
hkc: src/hakaru/binaryAnd2.hk: openFile: does not exist (No such file or directory)

superpose5.hk:
hkc: src/hakaru/superpose5.hk: openFile: does not exist (No such file or directory)

simp.hk:
hkc: src/hakaru/simp.hk: openFile: does not exist (No such file or directory)

arrayIndex.hk:
hkc: src/hakaru/arrayIndex.hk: openFile: does not exist (No such file or directory)

summateProbs1k.hk:
hkc: src/hakaru/summateProbs1k.hk: openFile: does not exist (No such file or directory)

superposeNormals.hk:
hkc: src/hakaru/superposeNormals.hk: openFile: does not exist (No such file or directory)

summateProbs100M.hk:
hkc: src/hakaru/summateProbs100M.hk: openFile: does not exist (No such file or directory)

prob.hk:
hkc: src/hakaru/prob.hk: openFile: does not exist (No such file or directory)

measureLebesgue.hk:
hkc: src/hakaru/measureLebesgue.hk: openFile: does not exist (No such file or directory)

probSum3.hk:
hkc: src/hakaru/probSum3.hk: openFile: does not exist (No such file or directory)

nb_simp.hk:
hkc: src/hakaru/nb_simp.hk: openFile: does not exist (No such file or directory)

summateProbsNested1k.hk:
hkc: src/hakaru/summateProbsNested1k.hk: openFile: does not exist (No such file or directory)

measureUniform.hk:
hkc: src/hakaru/measureUniform.hk: openFile: does not exist (No such file or directory)

dirac2.hk:
hkc: src/hakaru/dirac2.hk: openFile: does not exist (No such file or directory)

summateProbsNested100.hk:
hkc: src/hakaru/summateProbsNested100.hk: openFile: does not exist (No such file or directory)

vec3Def.hk:
hkc: src/hakaru/vec3Def.hk: openFile: does not exist (No such file or directory)

measureCategorical3.hk:
hkc: src/hakaru/measureCategorical3.hk: openFile: does not exist (No such file or directory)

plateNormal.hk:
hkc: src/hakaru/plateNormal.hk: openFile: does not exist (No such file or directory)

matchPairRec.hk:
hkc: src/hakaru/matchPairRec.hk: openFile: does not exist (No such file or directory)

summateProbsM.hk:
hkc: src/hakaru/summateProbsM.hk: openFile: does not exist (No such file or directory)

triple.hk:
hkc: src/hakaru/triple.hk: openFile: does not exist (No such file or directory)

summateReals.hk:
hkc: src/hakaru/summateReals.hk: openFile: does not exist (No such file or directory)

boolEq.hk:
hkc: src/hakaru/boolEq.hk: openFile: does not exist (No such file or directory)

lam2.hk:
hkc: src/hakaru/lam2.hk: openFile: does not exist (No such file or directory)

addInt2.hk:
hkc: src/hakaru/addInt2.hk: openFile: does not exist (No such file or directory)

simp_nbg.hk:
hkc: src/hakaru/simp_nbg.hk: openFile: does not exist (No such file or directory)

duple.hk:
hkc: src/hakaru/duple.hk: openFile: does not exist (No such file or directory)

naryProbSum100.hk:
hkc: src/hakaru/naryProbSum100.hk: openFile: does not exist (No such file or directory)

vec3.hk:
hkc: src/hakaru/vec3.hk: openFile: does not exist (No such file or directory)

summateExtreme.hk:
hkc: src/hakaru/summateExtreme.hk: openFile: does not exist (No such file or directory)

matchMaybe2.hk:
hkc: src/hakaru/matchMaybe2.hk: openFile: does not exist (No such file or directory)

summateProbsM100k.hk:
hkc: src/hakaru/summateProbsM100k.hk: openFile: does not exist (No such file or directory)

measureBeta.hk:
hkc: src/hakaru/measureBeta.hk: openFile: does not exist (No such file or directory)

plateDirac.hk:
hkc: src/hakaru/plateDirac.hk: openFile: does not exist (No such file or directory)

datumTriple.hk:
hkc: src/hakaru/datumTriple.hk: openFile: does not exist (No such file or directory)

summateProbsNested3-1k.hk:
hkc: src/hakaru/summateProbsNested3-1k.hk: openFile: does not exist (No such file or directory)

product.hk:
hkc: src/hakaru/product.hk: openFile: does not exist (No such file or directory)

simp_observe.hk:
hkc: src/hakaru/simp_observe.hk: openFile: does not exist (No such file or directory)

sumUniform.hk:
hkc: src/hakaru/sumUniform.hk: openFile: does not exist (No such file or directory)

matchMaybe.hk:
hkc: src/hakaru/matchMaybe.hk: openFile: does not exist (No such file or directory)

probSum2.hk:
hkc: src/hakaru/probSum2.hk: openFile: does not exist (No such file or directory)

productNestedProb.hk:
hkc: src/hakaru/productNestedProb.hk: openFile: does not exist (No such file or directory)

heirarchicalLogisticRegression.hk:
hkc: src/hakaru/heirarchicalLogisticRegression.hk: openFile: does not exist (No such file or directory)

id.hk:
hkc: src/hakaru/id.hk: openFile: does not exist (No such file or directory)

prob2.hk:
hkc: src/hakaru/prob2.hk: openFile: does not exist (No such file or directory)

closure1.hk:
hkc: src/hakaru/closure1.hk: openFile: does not exist (No such file or directory)

addProb2.hk:
hkc: src/hakaru/addProb2.hk: openFile: does not exist (No such file or directory)

closure2.hk:
hkc: src/hakaru/closure2.hk: openFile: does not exist (No such file or directory)

prob2b.hk:
hkc: src/hakaru/prob2b.hk: openFile: does not exist (No such file or directory)

weightsUniform.hk:
hkc: src/hakaru/weightsUniform.hk: openFile: does not exist (No such file or directory)

markovChain.hk:
hkc: src/hakaru/markovChain.hk: openFile: does not exist (No such file or directory)

summateProbs100.hk:
hkc: src/hakaru/summateProbs100.hk: openFile: does not exist (No such file or directory)

closure3.hk:
hkc: src/hakaru/closure3.hk: openFile: does not exist (No such file or directory)

addInt1.hk:
hkc: src/hakaru/addInt1.hk: openFile: does not exist (No such file or directory)

prob4.hk:
hkc: src/hakaru/prob4.hk: openFile: does not exist (No such file or directory)

productProb.hk:
hkc: src/hakaru/productProb.hk: openFile: does not exist (No such file or directory)

plateUniform.hk:
hkc: src/hakaru/plateUniform.hk: openFile: does not exist (No such file or directory)

observe.hk:
hkc: src/hakaru/observe.hk: openFile: does not exist (No such file or directory)

linearModel.hk:
hkc: src/hakaru/linearModel.hk: openFile: does not exist (No such file or directory)

measureDirac.hk:
hkc: src/hakaru/measureDirac.hk: openFile: does not exist (No such file or directory)

underflow.hk:
hkc: src/hakaru/underflow.hk: openFile: does not exist (No such file or directory)

return1.hk:
hkc: src/hakaru/return1.hk: openFile: does not exist (No such file or directory)

summateProbs1M.hk:
hkc: src/hakaru/summateProbs1M.hk: openFile: does not exist (No such file or directory)

probSumDirac.hk:
hkc: src/hakaru/probSumDirac.hk: openFile: does not exist (No such file or directory)

true.hk:
hkc: src/hakaru/true.hk: openFile: does not exist (No such file or directory)

superposeRec.hk:
hkc: src/hakaru/superposeRec.hk: openFile: does not exist (No such file or directory)

bool.hk:
hkc: src/hakaru/bool.hk: openFile: does not exist (No such file or directory)

defFuns.hk:
hkc: src/hakaru/defFuns.hk: openFile: does not exist (No such file or directory)

naiveBayesClassifier.hk:
hkc: src/hakaru/naiveBayesClassifier.hk: openFile: does not exist (No such file or directory)

measureGamma.hk:
hkc: src/hakaru/measureGamma.hk: openFile: does not exist (No such file or directory)

tugofwar.hk:
hkc: src/hakaru/tugofwar.hk: openFile: does not exist (No such file or directory)

addProb1.hk:
hkc: src/hakaru/addProb1.hk: openFile: does not exist (No such file or directory)

userbool.hk:
hkc: src/hakaru/userbool.hk: openFile: does not exist (No such file or directory)

summateProbsNested10k.hk:
hkc: src/hakaru/summateProbsNested10k.hk: openFile: does not exist (No such file or directory)

plate1.hk:
hkc: src/hakaru/plate1.hk: openFile: does not exist (No such file or directory)

arrayLitPretty.hk:
hkc: src/hakaru/arrayLitPretty.hk: openFile: does not exist (No such file or directory)

factorial.hk:
hkc: src/hakaru/factorial.hk: openFile: does not exist (No such file or directory)

probSum.hk:
hkc: src/hakaru/probSum.hk: openFile: does not exist (No such file or directory)

matchBool.hk:
hkc: src/hakaru/matchBool.hk: openFile: does not exist (No such file or directory)

dataUnit.hk:
hkc: src/hakaru/dataUnit.hk: openFile: does not exist (No such file or directory)

summate.hk:
hkc: src/hakaru/summate.hk: openFile: does not exist (No such file or directory)

plate.hk:
hkc: src/hakaru/plate.hk: openFile: does not exist (No such file or directory)

dataPair.hk:
hkc: src/hakaru/dataPair.hk: openFile: does not exist (No such file or directory)

summateProbs10k.hk:
hkc: src/hakaru/summateProbs10k.hk: openFile: does not exist (No such file or directory)

2normals.hk:
hkc: src/hakaru/2normals.hk: openFile: does not exist (No such file or directory)

lam.hk:
hkc: src/hakaru/lam.hk: openFile: does not exist (No such file or directory)

lamMeasure.hk:
hkc: src/hakaru/lamMeasure.hk: openFile: does not exist (No such file or directory)

measureCategorical.hk:
hkc: src/hakaru/measureCategorical.hk: openFile: does not exist (No such file or directory)

matchPair.hk:
hkc: src/hakaru/matchPair.hk: openFile: does not exist (No such file or directory)

arrayCoercion.hk:
hkc: src/hakaru/arrayCoercion.hk: openFile: does not exist (No such file or directory)

binaryAnd.hk:
hkc: src/hakaru/binaryAnd.hk: openFile: does not exist (No such file or directory)

arrayReduceNoBind.hk:
hkc: src/hakaru/arrayReduceNoBind.hk: openFile: does not exist (No such file or directory)

vec3Match.hk:
hkc: src/hakaru/vec3Match.hk: openFile: does not exist (No such file or directory)

measureRejectInt.hk:
hkc: src/hakaru/measureRejectInt.hk: openFile: does not exist (No such file or directory)

state.hk:
hkc: src/hakaru/state.hk: openFile: does not exist (No such file or directory)

lamSum.hk:
hkc: src/hakaru/lamSum.hk: openFile: does not exist (No such file or directory)

false.hk:
hkc: src/hakaru/false.hk: openFile: does not exist (No such file or directory)

probProd.hk:
hkc: src/hakaru/probProd.hk: openFile: does not exist (No such file or directory)

sum2uniform.hk:
hkc: src/hakaru/sum2uniform.hk: openFile: does not exist (No such file or directory)

matchNested.hk:
hkc: src/hakaru/matchNested.hk: openFile: does not exist (No such file or directory)

letarray.hk:
hkc: src/hakaru/letarray.hk: openFile: does not exist (No such file or directory)

measureCategorical2.hk:
hkc: src/hakaru/measureCategorical2.hk: openFile: does not exist (No such file or directory)

weightsPlate.hk:
hkc: src/hakaru/weightsPlate.hk: openFile: does not exist (No such file or directory)

arraySize.hk:
hkc: src/hakaru/arraySize.hk: openFile: does not exist (No such file or directory)

plateUniform2.hk:
hkc: src/hakaru/plateUniform2.hk: openFile: does not exist (No such file or directory)

superpose3.hk:
hkc: src/hakaru/superpose3.hk: openFile: does not exist (No such file or directory)

datadeclThen42.hk:
hkc: src/hakaru/datadeclThen42.hk: openFile: does not exist (No such file or directory)

summateProbs100k.hk:
hkc: src/hakaru/summateProbs100k.hk: openFile: does not exist (No such file or directory)

superpose1b.hk:
hkc: src/hakaru/superpose1b.hk: openFile: does not exist (No such file or directory)

weights.hk:
hkc: src/hakaru/weights.hk: openFile: does not exist (No such file or directory)

closureMulti.hk:
hkc: src/hakaru/closureMulti.hk: openFile: does not exist (No such file or directory)

superpose1.hk:
hkc: src/hakaru/superpose1.hk: openFile: does not exist (No such file or directory)

datumUnit.hk:
hkc: src/hakaru/datumUnit.hk: openFile: does not exist (No such file or directory)

array2.hk:
hkc: src/hakaru/array2.hk: openFile: does not exist (No such file or directory)

measureCounting.hk:
hkc: src/hakaru/measureCounting.hk: openFile: does not exist (No such file or directory)

closureCapture.hk:
hkc: src/hakaru/closureCapture.hk: openFile: does not exist (No such file or directory)

asignal.hk:
hkc: src/hakaru/asignal.hk: openFile: does not exist (No such file or directory)

summateProbsNested3-100.hk:
hkc: src/hakaru/summateProbsNested3-100.hk: openFile: does not exist (No such file or directory)

sum3uniform.hk:
hkc: src/hakaru/sum3uniform.hk: openFile: does not exist (No such file or directory)

simp_hello2.hk:
hkc: src/hakaru/simp_hello2.hk: openFile: does not exist (No such file or directory)

perceptronTrain.hk:
hkc: src/hakaru/perceptronTrain.hk: openFile: does not exist (No such file or directory)

datumPair.hk:
hkc: src/hakaru/datumPair.hk: openFile: does not exist (No such file or directory)

productNested.hk:
hkc: src/hakaru/productNested.hk: openFile: does not exist (No such file or directory)

measurePoisson.hk:
hkc: src/hakaru/measurePoisson.hk: openFile: does not exist (No such file or directory)

arrayLit.hk:
hkc: src/hakaru/arrayLit.hk: openFile: does not exist (No such file or directory)

array.hk:
hkc: src/hakaru/array.hk: openFile: does not exist (No such file or directory)

MissingData.hk:
hkc: src/hakaru/MissingData.hk: openFile: does not exist (No such file or directory)

prob5.hk:
hkc: src/hakaru/prob5.hk: openFile: does not exist (No such file or directory)

naryProbSum.hk:
hkc: src/hakaru/naryProbSum.hk: openFile: does not exist (No such file or directory)

closure.hk:
hkc: src/hakaru/closure.hk: openFile: does not exist (No such file or directory)

matchPair2.hk:
hkc: src/hakaru/matchPair2.hk: openFile: does not exist (No such file or directory)

diracBound.hk:
hkc: src/hakaru/diracBound.hk: openFile: does not exist (No such file or directory)

2datadecl.hk:
hkc: TODO: symbolResolution{U.Data} "foo" with []:[TypeVar "bar"]
CallStack (from HasCallStack):
  error, called at haskell/Language/Hakaru/Parser/SymbolResolve.hs:363:32 in hakaru-0.4.0-Bi9t5LExVlVDRcSkjVfXVc:Language.Hakaru.Parser.SymbolResolve

measureLebesgue.hk:
hkc: TODO: flattenMeasureOp: Lebesgue
CallStack (from HasCallStack):
  error, called at haskell/Language/Hakaru/CodeGen/Flatten.hs:1303:22 in hakaru-0.4.0-Bi9t5LExVlVDRcSkjVfXVc:Language.Hakaru.CodeGen.Flatten

plateNormal.hk:
hkc: plate will leak memory without the '-g' flag and boehm-gc
CallStack (from HasCallStack):
  error, called at haskell/Language/Hakaru/CodeGen/Flatten.hs:437:29 in hakaru-0.4.0-Bi9t5LExVlVDRcSkjVfXVc:Language.Hakaru.CodeGen.Flatten

vec3.hk:
hkc: TODO: symbolResolution{U.Data} "vec3" with ["a"]:[TypeApp "mkVec3" [TypeVar "a",TypeVar "a",TypeVar "a"]]
CallStack (from HasCallStack):
  error, called at haskell/Language/Hakaru/Parser/SymbolResolve.hs:363:32 in hakaru-0.4.0-Bi9t5LExVlVDRcSkjVfXVc:Language.Hakaru.Parser.SymbolResolve

matchMaybe2.hk:
hkc: TODO: flattenCase{SData (STyApp (STyCon (SingSymbol :: Sing "Maybe")) SInt) (SPlus SDone (SPlus (SEt (SKonst SInt) SDone) SVoid))}
CallStack (from HasCallStack):
  error, called at haskell/Language/Hakaru/CodeGen/Flatten.hs:902:19 in hakaru-0.4.0-Bi9t5LExVlVDRcSkjVfXVc:Language.Hakaru.CodeGen.Flatten

plateDirac.hk:
hkc: plate will leak memory without the '-g' flag and boehm-gc
CallStack (from HasCallStack):
  error, called at haskell/Language/Hakaru/CodeGen/Flatten.hs:437:29 in hakaru-0.4.0-Bi9t5LExVlVDRcSkjVfXVc:Language.Hakaru.CodeGen.Flatten

matchMaybe.hk:
hkc: TODO: flattenCase{SData (STyApp (STyCon (SingSymbol :: Sing "Maybe")) SInt) (SPlus SDone (SPlus (SEt (SKonst SInt) SDone) SVoid))}
CallStack (from HasCallStack):
  error, called at haskell/Language/Hakaru/CodeGen/Flatten.hs:902:19 in hakaru-0.4.0-Bi9t5LExVlVDRcSkjVfXVc:Language.Hakaru.CodeGen.Flatten

plateUniform.hk:
hkc: plate will leak memory without the '-g' flag and boehm-gc
CallStack (from HasCallStack):
  error, called at haskell/Language/Hakaru/CodeGen/Flatten.hs:437:29 in hakaru-0.4.0-Bi9t5LExVlVDRcSkjVfXVc:Language.Hakaru.CodeGen.Flatten

observe.hk:
hkc: plate will leak memory without the '-g' flag and boehm-gc
CallStack (from HasCallStack):
  error, called at haskell/Language/Hakaru/CodeGen/Flatten.hs:437:29 in hakaru-0.4.0-Bi9t5LExVlVDRcSkjVfXVc:Language.Hakaru.CodeGen.Flatten

linearModel.hk:
hkc: TODO: symbolResolution{U.Data} "modelParams" with []:[TypeApp "normals" [TypeApp "array" [TypeApp "pair" [TypeVar "real",TypeVar "prob"]],TypeApp "pair" [TypeVar "real",TypeVar "prob"]]]
CallStack (from HasCallStack):
  error, called at haskell/Language/Hakaru/Parser/SymbolResolve.hs:363:32 in hakaru-0.4.0-Bi9t5LExVlVDRcSkjVfXVc:Language.Hakaru.Parser.SymbolResolve

plate.hk:
hkc: plate will leak memory without the '-g' flag and boehm-gc
CallStack (from HasCallStack):
  error, called at haskell/Language/Hakaru/CodeGen/Flatten.hs:437:29 in hakaru-0.4.0-Bi9t5LExVlVDRcSkjVfXVc:Language.Hakaru.CodeGen.Flatten

arrayReduceNoBind.hk:
hkc: TODO: flattenArrayOp
CallStack (from HasCallStack):
  error, called at haskell/Language/Hakaru/CodeGen/Flatten.hs:622:29 in hakaru-0.4.0-Bi9t5LExVlVDRcSkjVfXVc:Language.Hakaru.CodeGen.Flatten

vec3Match.hk:
hkc: TODO: symbolResolution{U.Data} "vec3" with ["a"]:[TypeApp "mkVec3" [TypeVar "a",TypeVar "a",TypeVar "a"]]
CallStack (from HasCallStack):
  error, called at haskell/Language/Hakaru/Parser/SymbolResolve.hs:363:32 in hakaru-0.4.0-Bi9t5LExVlVDRcSkjVfXVc:Language.Hakaru.Parser.SymbolResolve

weightsPlate.hk:
hkc: plate will leak memory without the '-g' flag and boehm-gc
CallStack (from HasCallStack):
  error, called at haskell/Language/Hakaru/CodeGen/Flatten.hs:437:29 in hakaru-0.4.0-Bi9t5LExVlVDRcSkjVfXVc:Language.Hakaru.CodeGen.Flatten

plateUniform2.hk:
hkc: plate will leak memory without the '-g' flag and boehm-gc
CallStack (from HasCallStack):
  error, called at haskell/Language/Hakaru/CodeGen/Flatten.hs:437:29 in hakaru-0.4.0-Bi9t5LExVlVDRcSkjVfXVc:Language.Hakaru.CodeGen.Flatten

datadeclThen42.hk:
hkc: TODO: symbolResolution{U.Data} "foo" with []:[TypeVar "bar"]
CallStack (from HasCallStack):
  error, called at haskell/Language/Hakaru/Parser/SymbolResolve.hs:363:32 in hakaru-0.4.0-Bi9t5LExVlVDRcSkjVfXVc:Language.Hakaru.Parser.SymbolResolve

measureCounting.hk:
hkc: TODO: flattenMeasureOp: Counting
CallStack (from HasCallStack):
  error, called at haskell/Language/Hakaru/CodeGen/Flatten.hs:1303:22 in hakaru-0.4.0-Bi9t5LExVlVDRcSkjVfXVc:Language.Hakaru.CodeGen.Flatten

build/summary1.c:
build/summary1.c:47:20: warning: equality comparison with extraneous parentheses [-Wparentheses-equality]
     if ((_i.index == 0))
          ~~~~~~~~~^~~~
build/summary1.c:47:20: note: remove extraneous parentheses around the comparison to silence this warning
     if ((_i.index == 0))
         ~         ^   ~
build/summary1.c:47:20: note: use '=' to turn this equality comparison into an assignment
     if ((_i.index == 0))
                   ^~
                   =
build/summary1.c:81:20: warning: equality comparison with extraneous parentheses [-Wparentheses-equality]
     if ((_w.index == 0))
          ~~~~~~~~~^~~~
build/summary1.c:81:20: note: remove extraneous parentheses around the comparison to silence this warning
     if ((_w.index == 0))
         ~         ^   ~
build/summary1.c:81:20: note: use '=' to turn this equality comparison into an assignment
     if ((_w.index == 0))
                   ^~
                   =
2 warnings generated.
/nix/store/78w6a8zinhp7awdmrh5qbvxyci2pb8b4-glibc-2.25/lib/crt1.o: In function `_start':
/tmp/nix-build-glibc-2.25.drv-0/glibc-2.25/csu/../sysdeps/x86_64/start.S:110: undefined reference to `main'
clang-3.9: error: linker command failed with exit code 1 (use -v to see invocation)

build/logisticRegression.c:
build/logisticRegression.c:72:8: error: use of undeclared identifier 'params_j'; did you mean 'params_e'?
  _b = params_j;
       ^~~~~~~~
       params_e
build/logisticRegression.c:48:127: note: 'params_e' declared here
struct dat_Karray_realKrealDV fn_c(struct clos_h env, struct array_dat_Karray_intKintDV dset_d, struct dat_Karray_realKrealDV params_e, double eta_f, double reg_g)
                                                                                                                              ^
build/logisticRegression.c:87:10: error: use of undeclared identifier 'dset_i'; did you mean 'dset_d'?
    _j = dset_i;
         ^~~~~~
         dset_d
build/logisticRegression.c:48:89: note: 'dset_d' declared here
struct dat_Karray_realKrealDV fn_c(struct clos_h env, struct array_dat_Karray_intKintDV dset_d, struct dat_Karray_realKrealDV params_e, double eta_f, double reg_g)
                                                                                        ^
build/logisticRegression.c:123:12: error: use of undeclared identifier 'dset_i'; did you mean 'dset_d'?
      _p = dset_i;
           ^~~~~~
           dset_d
build/logisticRegression.c:48:89: note: 'dset_d' declared here
struct dat_Karray_realKrealDV fn_c(struct clos_h env, struct array_dat_Karray_intKintDV dset_d, struct dat_Karray_realKrealDV params_e, double eta_f, double reg_g)
                                                                                        ^
build/logisticRegression.c:179:9: error: use of undeclared identifier 'dset_i'; did you mean 'dset_d'?
  _aq = dset_i;
        ^~~~~~
        dset_d
build/logisticRegression.c:48:89: note: 'dset_d' declared here
struct dat_Karray_realKrealDV fn_c(struct clos_h env, struct array_dat_Karray_intKintDV dset_d, struct dat_Karray_realKrealDV params_e, double eta_f, double reg_g)
                                                                                        ^
build/logisticRegression.c:211:11: error: use of undeclared identifier 'dset_i'; did you mean 'dset_d'?
    _aw = dset_i;
          ^~~~~~
          dset_d
build/logisticRegression.c:48:89: note: 'dset_d' declared here
struct dat_Karray_realKrealDV fn_c(struct clos_h env, struct array_dat_Karray_intKintDV dset_d, struct dat_Karray_realKrealDV params_e, double eta_f, double reg_g)
                                                                                        ^
build/logisticRegression.c:288:11: error: use of undeclared identifier 'eta_k'; did you mean 'eta_f'?
    _by = eta_k;
          ^~~~~
          eta_f
build/logisticRegression.c:48:144: note: 'eta_f' declared here
struct dat_Karray_realKrealDV fn_c(struct clos_h env, struct array_dat_Karray_intKintDV dset_d, struct dat_Karray_realKrealDV params_e, double eta_f, double reg_g)
                                                                                                                                               ^
build/logisticRegression.c:299:11: error: use of undeclared identifier 'reg_l'; did you mean 'reg_g'?
    _c8 = reg_l;
          ^~~~~
          reg_g
build/logisticRegression.c:48:158: note: 'reg_g' declared here
struct dat_Karray_realKrealDV fn_c(struct clos_h env, struct array_dat_Karray_intKintDV dset_d, struct dat_Karray_realKrealDV params_e, double eta_f, double reg_g)
                                                                                                                                                             ^
build/logisticRegression.c:307:9: error: use of undeclared identifier 'eta_k'; did you mean 'eta_f'?
  _ce = eta_k;
        ^~~~~
        eta_f
build/logisticRegression.c:48:144: note: 'eta_f' declared here
struct dat_Karray_realKrealDV fn_c(struct clos_h env, struct array_dat_Karray_intKintDV dset_d, struct dat_Karray_realKrealDV params_e, double eta_f, double reg_g)
                                                                                                                                               ^
build/logisticRegression.c:320:3: error: use of undeclared identifier 'logisticUpdate_b'
  logisticUpdate_b = closure_m;
  ^
build/logisticRegression.c:321:3: error: use of undeclared identifier 'out_a'
  out_a = logisticUpdate_b;
  ^
build/logisticRegression.c:321:11: error: use of undeclared identifier 'logisticUpdate_b'
  out_a = logisticUpdate_b;
          ^
build/logisticRegression.c:322:10: error: use of undeclared identifier 'out_a'
  return out_a;
         ^
12 errors generated.

build/music.c:
build/music.c:28:8: error: use of undeclared identifier 'key_g'; did you mean 'key_d'?
  _d = key_g;
       ^~~~~
       key_d
build/music.c:20:47: note: 'key_d' declared here
struct mdata_real fn_c(struct clos_f env, int key_d, double octive_seed_e)
                                              ^
build/music.c:30:8: error: use of undeclared identifier 'octive_seed_h'; did you mean 'octive_seed_e'?
  _e = octive_seed_h;
       ^~~~~~~~~~~~~
       octive_seed_e
build/music.c:20:61: note: 'octive_seed_e' declared here
struct mdata_real fn_c(struct clos_f env, int key_d, double octive_seed_e)
                                                            ^
build/music.c:87:3: error: use of undeclared identifier 'chord_b'
  chord_b = closure_i;
  ^
build/music.c:88:3: error: use of undeclared identifier 'interval_j'
  interval_j = closure_o;
  ^
build/music.c:93:3: error: use of undeclared identifier 'clos_v'
  clos_v = chord_b;
  ^
build/music.c:93:12: error: use of undeclared identifier 'chord_b'
  clos_v = chord_b;
           ^
build/music.c:94:3: error: use of undeclared identifier 'param_w'
  param_w = chord_b;
  ^
build/music.c:94:13: error: use of undeclared identifier 'chord_b'
  param_w = chord_b;
            ^
build/music.c:95:3: error: use of undeclared identifier 'clos_u'
  clos_u = clos_v.fn(param_w);
  ^
build/music.c:95:12: error: use of undeclared identifier 'clos_v'
  clos_u = clos_v.fn(param_w);
           ^
build/music.c:95:22: error: use of undeclared identifier 'param_w'
  clos_u = clos_v.fn(param_w);
                     ^
build/music.c:96:3: error: use of undeclared identifier 'clos_y'
  clos_y = chord_b;
  ^
build/music.c:96:12: error: use of undeclared identifier 'chord_b'
  clos_y = chord_b;
           ^
build/music.c:97:3: error: use of undeclared identifier 'param_z'
  param_z = chord_b;
  ^
build/music.c:97:13: error: use of undeclared identifier 'chord_b'
  param_z = chord_b;
            ^
build/music.c:98:3: error: use of undeclared identifier 'param_x'
  param_x = clos_y.fn(param_z);
  ^
build/music.c:98:13: error: use of undeclared identifier 'clos_y'
  param_x = clos_y.fn(param_z);
            ^
build/music.c:98:23: error: use of undeclared identifier 'param_z'
  param_x = clos_y.fn(param_z);
                      ^
build/music.c:99:12: error: use of undeclared identifier 'clos_u'
  samp_t = clos_u.fn(param_x);
           ^
fatal error: too many errors emitted, stopping now [-ferror-limit=]
20 errors generated.

build/nb_simp.c:
build/nb_simp.c:42:18: warning: equality comparison with extraneous parentheses [-Wparentheses-equality]
   if ((_b.index == 0))
        ~~~~~~~~~^~~~
build/nb_simp.c:42:18: note: remove extraneous parentheses around the comparison to silence this warning
   if ((_b.index == 0))
       ~         ^   ~
build/nb_simp.c:42:18: note: use '=' to turn this equality comparison into an assignment
   if ((_b.index == 0))
                 ^~
                 =
build/nb_simp.c:196:30: warning: equality comparison with extraneous parentheses [-Wparentheses-equality]
              if ((_aa.index == 0))
                   ~~~~~~~~~~^~~~
build/nb_simp.c:196:30: note: remove extraneous parentheses around the comparison to silence this warning
              if ((_aa.index == 0))
                  ~          ^   ~
build/nb_simp.c:196:30: note: use '=' to turn this equality comparison into an assignment
              if ((_aa.index == 0))
                             ^~
                             =
build/nb_simp.c:216:33: warning: equality comparison with extraneous parentheses [-Wparentheses-equality]
                 if ((_af.index == 0))
                      ~~~~~~~~~~^~~~
build/nb_simp.c:216:33: note: remove extraneous parentheses around the comparison to silence this warning
                 if ((_af.index == 0))
                     ~          ^   ~
build/nb_simp.c:216:33: note: use '=' to turn this equality comparison into an assignment
                 if ((_af.index == 0))
                                ^~
                                =
build/nb_simp.c:273:32: warning: equality comparison with extraneous parentheses [-Wparentheses-equality]
                if ((_b2.index == 0))
                     ~~~~~~~~~~^~~~
build/nb_simp.c:273:32: note: remove extraneous parentheses around the comparison to silence this warning
                if ((_b2.index == 0))
                    ~          ^   ~
build/nb_simp.c:273:32: note: use '=' to turn this equality comparison into an assignment
                if ((_b2.index == 0))
                               ^~
                               =
build/nb_simp.c:305:35: warning: equality comparison with extraneous parentheses [-Wparentheses-equality]
                   if ((_b7.index == 0))
                        ~~~~~~~~~~^~~~
build/nb_simp.c:305:35: note: remove extraneous parentheses around the comparison to silence this warning
                   if ((_b7.index == 0))
                       ~          ^   ~
build/nb_simp.c:305:35: note: use '=' to turn this equality comparison into an assignment
                   if ((_b7.index == 0))
                                  ^~
                                  =
build/nb_simp.c:362:26: warning: equality comparison with extraneous parentheses [-Wparentheses-equality]
          if ((_c0.index == 0))
               ~~~~~~~~~~^~~~
build/nb_simp.c:362:26: note: remove extraneous parentheses around the comparison to silence this warning
          if ((_c0.index == 0))
              ~          ^   ~
build/nb_simp.c:362:26: note: use '=' to turn this equality comparison into an assignment
          if ((_c0.index == 0))
                         ^~
                         =
build/nb_simp.c:378:29: warning: equality comparison with extraneous parentheses [-Wparentheses-equality]
             if ((_c3.index == 0))
                  ~~~~~~~~~~^~~~
build/nb_simp.c:378:29: note: remove extraneous parentheses around the comparison to silence this warning
             if ((_c3.index == 0))
                 ~          ^   ~
build/nb_simp.c:378:29: note: use '=' to turn this equality comparison into an assignment
             if ((_c3.index == 0))
                            ^~
                            =
build/nb_simp.c:411:26: warning: equality comparison with extraneous parentheses [-Wparentheses-equality]
          if ((_cm.index == 0))
               ~~~~~~~~~~^~~~
build/nb_simp.c:411:26: note: remove extraneous parentheses around the comparison to silence this warning
          if ((_cm.index == 0))
              ~          ^   ~
build/nb_simp.c:411:26: note: use '=' to turn this equality comparison into an assignment
          if ((_cm.index == 0))
                         ^~
                         =
build/nb_simp.c:427:29: warning: equality comparison with extraneous parentheses [-Wparentheses-equality]
             if ((_cp.index == 0))
                  ~~~~~~~~~~^~~~
build/nb_simp.c:427:29: note: remove extraneous parentheses around the comparison to silence this warning
             if ((_cp.index == 0))
                 ~          ^   ~
build/nb_simp.c:427:29: note: use '=' to turn this equality comparison into an assignment
             if ((_cp.index == 0))
                            ^~
                            =
build/nb_simp.c:514:28: warning: equality comparison with extraneous parentheses [-Wparentheses-equality]
            if ((_dq.index == 0))
                 ~~~~~~~~~~^~~~
build/nb_simp.c:514:28: note: remove extraneous parentheses around the comparison to silence this warning
            if ((_dq.index == 0))
                ~          ^   ~
build/nb_simp.c:514:28: note: use '=' to turn this equality comparison into an assignment
            if ((_dq.index == 0))
                           ^~
                           =
build/nb_simp.c:538:31: warning: equality comparison with extraneous parentheses [-Wparentheses-equality]
               if ((_dv.index == 0))
                    ~~~~~~~~~~^~~~
build/nb_simp.c:538:31: note: remove extraneous parentheses around the comparison to silence this warning
               if ((_dv.index == 0))
                   ~          ^   ~
build/nb_simp.c:538:31: note: use '=' to turn this equality comparison into an assignment
               if ((_dv.index == 0))
                              ^~
                              =
build/nb_simp.c:601:30: warning: equality comparison with extraneous parentheses [-Wparentheses-equality]
              if ((_ek.index == 0))
                   ~~~~~~~~~~^~~~
build/nb_simp.c:601:30: note: remove extraneous parentheses around the comparison to silence this warning
              if ((_ek.index == 0))
                  ~          ^   ~
build/nb_simp.c:601:30: note: use '=' to turn this equality comparison into an assignment
              if ((_ek.index == 0))
                             ^~
                             =
build/nb_simp.c:637:33: warning: equality comparison with extraneous parentheses [-Wparentheses-equality]
                 if ((_ep.index == 0))
                      ~~~~~~~~~~^~~~
build/nb_simp.c:637:33: note: remove extraneous parentheses around the comparison to silence this warning
                 if ((_ep.index == 0))
                     ~          ^   ~
build/nb_simp.c:637:33: note: use '=' to turn this equality comparison into an assignment
                 if ((_ep.index == 0))
                                ^~
                                =
build/nb_simp.c:786:28: warning: equality comparison with extraneous parentheses [-Wparentheses-equality]
            if ((_gg.index == 0))
                 ~~~~~~~~~~^~~~
build/nb_simp.c:786:28: note: remove extraneous parentheses around the comparison to silence this warning
            if ((_gg.index == 0))
                ~          ^   ~
build/nb_simp.c:786:28: note: use '=' to turn this equality comparison into an assignment
            if ((_gg.index == 0))
                           ^~
                           =
build/nb_simp.c:818:31: warning: equality comparison with extraneous parentheses [-Wparentheses-equality]
               if ((_gl.index == 0))
                    ~~~~~~~~~~^~~~
build/nb_simp.c:818:31: note: remove extraneous parentheses around the comparison to silence this warning
               if ((_gl.index == 0))
                   ~          ^   ~
build/nb_simp.c:818:31: note: use '=' to turn this equality comparison into an assignment
               if ((_gl.index == 0))
                              ^~
                              =
build/nb_simp.c:909:26: warning: equality comparison with extraneous parentheses [-Wparentheses-equality]
          if ((_hs.index == 0))
               ~~~~~~~~~~^~~~
build/nb_simp.c:909:26: note: remove extraneous parentheses around the comparison to silence this warning
          if ((_hs.index == 0))
              ~          ^   ~
build/nb_simp.c:909:26: note: use '=' to turn this equality comparison into an assignment
          if ((_hs.index == 0))
                         ^~
                         =
build/nb_simp.c:925:29: warning: equality comparison with extraneous parentheses [-Wparentheses-equality]
             if ((_hv.index == 0))
                  ~~~~~~~~~~^~~~
build/nb_simp.c:925:29: note: remove extraneous parentheses around the comparison to silence this warning
             if ((_hv.index == 0))
                 ~          ^   ~
build/nb_simp.c:925:29: note: use '=' to turn this equality comparison into an assignment
             if ((_hv.index == 0))
                            ^~
                            =
build/nb_simp.c:988:24: warning: equality comparison with extraneous parentheses [-Wparentheses-equality]
        if ((_im.index == 0))
             ~~~~~~~~~~^~~~
build/nb_simp.c:988:24: note: remove extraneous parentheses around the comparison to silence this warning
        if ((_im.index == 0))
            ~          ^   ~
build/nb_simp.c:988:24: note: use '=' to turn this equality comparison into an assignment
        if ((_im.index == 0))
                       ^~
                       =
build/nb_simp.c:1004:27: warning: equality comparison with extraneous parentheses [-Wparentheses-equality]
           if ((_ip.index == 0))
                ~~~~~~~~~~^~~~
build/nb_simp.c:1004:27: note: remove extraneous parentheses around the comparison to silence this warning
           if ((_ip.index == 0))
               ~          ^   ~
build/nb_simp.c:1004:27: note: use '=' to turn this equality comparison into an assignment
           if ((_ip.index == 0))
                          ^~
                          =
build/nb_simp.c:1119:26: warning: equality comparison with extraneous parentheses [-Wparentheses-equality]
          if ((_jy.index == 0))
               ~~~~~~~~~~^~~~
build/nb_simp.c:1119:26: note: remove extraneous parentheses around the comparison to silence this warning
          if ((_jy.index == 0))
              ~          ^   ~
build/nb_simp.c:1119:26: note: use '=' to turn this equality comparison into an assignment
          if ((_jy.index == 0))
                         ^~
                         =
build/nb_simp.c:1155:29: warning: equality comparison with extraneous parentheses [-Wparentheses-equality]
             if ((_k3.index == 0))
                  ~~~~~~~~~~^~~~
build/nb_simp.c:1155:29: note: remove extraneous parentheses around the comparison to silence this warning
             if ((_k3.index == 0))
                 ~          ^   ~
build/nb_simp.c:1155:29: note: use '=' to turn this equality comparison into an assignment
             if ((_k3.index == 0))
                            ^~
                            =
21 warnings generated.
/nix/store/78w6a8zinhp7awdmrh5qbvxyci2pb8b4-glibc-2.25/lib/crt1.o: In function `_start':
/tmp/nix-build-glibc-2.25.drv-0/glibc-2.25/csu/../sysdeps/x86_64/start.S:110: undefined reference to `main'
clang-3.9: error: linker command failed with exit code 1 (use -v to see invocation)

build/vec3Def.c:
clang-3.9: error: no such file or directory: 'build/vec3Def.c'

build/lam2.c:
/nix/store/78w6a8zinhp7awdmrh5qbvxyci2pb8b4-glibc-2.25/lib/crt1.o: In function `_start':
/tmp/nix-build-glibc-2.25.drv-0/glibc-2.25/csu/../sysdeps/x86_64/start.S:110: undefined reference to `main'
clang-3.9: error: linker command failed with exit code 1 (use -v to see invocation)

build/simp_nbg.c:
build/simp_nbg.c:101:27: warning: equality comparison with extraneous parentheses [-Wparentheses-equality]
           if ((_a3.index == 0))
                ~~~~~~~~~~^~~~
build/simp_nbg.c:101:27: note: remove extraneous parentheses around the comparison to silence this warning
           if ((_a3.index == 0))
               ~          ^   ~
build/simp_nbg.c:101:27: note: use '=' to turn this equality comparison into an assignment
           if ((_a3.index == 0))
                          ^~
                          =
build/simp_nbg.c:121:30: warning: equality comparison with extraneous parentheses [-Wparentheses-equality]
              if ((_a8.index == 0))
                   ~~~~~~~~~~^~~~
build/simp_nbg.c:121:30: note: remove extraneous parentheses around the comparison to silence this warning
              if ((_a8.index == 0))
                  ~          ^   ~
build/simp_nbg.c:121:30: note: use '=' to turn this equality comparison into an assignment
              if ((_a8.index == 0))
                             ^~
                             =
build/simp_nbg.c:218:29: warning: equality comparison with extraneous parentheses [-Wparentheses-equality]
             if ((_aw.index == 0))
                  ~~~~~~~~~~^~~~
build/simp_nbg.c:218:29: note: remove extraneous parentheses around the comparison to silence this warning
             if ((_aw.index == 0))
                 ~          ^   ~
build/simp_nbg.c:218:29: note: use '=' to turn this equality comparison into an assignment
             if ((_aw.index == 0))
                            ^~
                            =
build/simp_nbg.c:250:32: warning: equality comparison with extraneous parentheses [-Wparentheses-equality]
                if ((_b1.index == 0))
                     ~~~~~~~~~~^~~~
build/simp_nbg.c:250:32: note: remove extraneous parentheses around the comparison to silence this warning
                if ((_b1.index == 0))
                    ~          ^   ~
build/simp_nbg.c:250:32: note: use '=' to turn this equality comparison into an assignment
                if ((_b1.index == 0))
                               ^~
                               =
build/simp_nbg.c:286:29: warning: equality comparison with extraneous parentheses [-Wparentheses-equality]
             if ((_bu.index == 0))
                  ~~~~~~~~~~^~~~
build/simp_nbg.c:286:29: note: remove extraneous parentheses around the comparison to silence this warning
             if ((_bu.index == 0))
                 ~          ^   ~
build/simp_nbg.c:286:29: note: use '=' to turn this equality comparison into an assignment
             if ((_bu.index == 0))
                            ^~
                            =
build/simp_nbg.c:302:32: warning: equality comparison with extraneous parentheses [-Wparentheses-equality]
                if ((_bx.index == 0))
                     ~~~~~~~~~~^~~~
build/simp_nbg.c:302:32: note: remove extraneous parentheses around the comparison to silence this warning
                if ((_bx.index == 0))
                    ~          ^   ~
build/simp_nbg.c:302:32: note: use '=' to turn this equality comparison into an assignment
                if ((_bx.index == 0))
                               ^~
                               =
build/simp_nbg.c:335:29: warning: equality comparison with extraneous parentheses [-Wparentheses-equality]
             if ((_cg.index == 0))
                  ~~~~~~~~~~^~~~
build/simp_nbg.c:335:29: note: remove extraneous parentheses around the comparison to silence this warning
             if ((_cg.index == 0))
                 ~          ^   ~
build/simp_nbg.c:335:29: note: use '=' to turn this equality comparison into an assignment
             if ((_cg.index == 0))
                            ^~
                            =
build/simp_nbg.c:351:32: warning: equality comparison with extraneous parentheses [-Wparentheses-equality]
                if ((_cj.index == 0))
                     ~~~~~~~~~~^~~~
build/simp_nbg.c:351:32: note: remove extraneous parentheses around the comparison to silence this warning
                if ((_cj.index == 0))
                    ~          ^   ~
build/simp_nbg.c:351:32: note: use '=' to turn this equality comparison into an assignment
                if ((_cj.index == 0))
                               ^~
                               =
build/simp_nbg.c:438:31: warning: equality comparison with extraneous parentheses [-Wparentheses-equality]
               if ((_dk.index == 0))
                    ~~~~~~~~~~^~~~
build/simp_nbg.c:438:31: note: remove extraneous parentheses around the comparison to silence this warning
               if ((_dk.index == 0))
                   ~          ^   ~
build/simp_nbg.c:438:31: note: use '=' to turn this equality comparison into an assignment
               if ((_dk.index == 0))
                              ^~
                              =
build/simp_nbg.c:458:34: warning: equality comparison with extraneous parentheses [-Wparentheses-equality]
                  if ((_dp.index == 0))
                       ~~~~~~~~~~^~~~
build/simp_nbg.c:458:34: note: remove extraneous parentheses around the comparison to silence this warning
                  if ((_dp.index == 0))
                      ~          ^   ~
build/simp_nbg.c:458:34: note: use '=' to turn this equality comparison into an assignment
                  if ((_dp.index == 0))
                                 ^~
                                 =
build/simp_nbg.c:521:33: warning: equality comparison with extraneous parentheses [-Wparentheses-equality]
                 if ((_ec.index == 0))
                      ~~~~~~~~~~^~~~
build/simp_nbg.c:521:33: note: remove extraneous parentheses around the comparison to silence this warning
                 if ((_ec.index == 0))
                     ~          ^   ~
build/simp_nbg.c:521:33: note: use '=' to turn this equality comparison into an assignment
                 if ((_ec.index == 0))
                                ^~
                                =
build/simp_nbg.c:553:36: warning: equality comparison with extraneous parentheses [-Wparentheses-equality]
                    if ((_eh.index == 0))
                         ~~~~~~~~~~^~~~
build/simp_nbg.c:553:36: note: remove extraneous parentheses around the comparison to silence this warning
                    if ((_eh.index == 0))
                        ~          ^   ~
build/simp_nbg.c:553:36: note: use '=' to turn this equality comparison into an assignment
                    if ((_eh.index == 0))
                                   ^~
                                   =
12 warnings generated.
/nix/store/78w6a8zinhp7awdmrh5qbvxyci2pb8b4-glibc-2.25/lib/crt1.o: In function `_start':
/tmp/nix-build-glibc-2.25.drv-0/glibc-2.25/csu/../sysdeps/x86_64/start.S:110: undefined reference to `main'
clang-3.9: error: linker command failed with exit code 1 (use -v to see invocation)

build/simp_observe.c:
build/simp_observe.c:188:16: error: use of undeclared identifier 'M_PI'
  _ae = log1p((M_PI - 1));
               ^
1 error generated.

build/heirarchicalLogisticRegression.c:
clang-3.9: error: no such file or directory: 'build/heirarchicalLogisticRegression.c'

build/id.c:
build/id.c:12:8: error: use of undeclared identifier 'x_e'; did you mean 'x_c'?
  _a = x_e;
       ^~~
       x_c
build/id.c:9:33: note: 'x_c' declared here
int fn_b(struct clos_d env, int x_c)
                                ^
build/id.c:20:3: error: use of undeclared identifier 'id_a'
  id_a = closure_f;
  ^
build/id.c:21:3: error: use of undeclared identifier 'clos_g'
  clos_g = id_a;
  ^
build/id.c:21:12: error: use of undeclared identifier 'id_a'
  clos_g = id_a;
           ^
build/id.c:22:3: error: use of undeclared identifier 'param_h'
  param_h = id_a;
  ^
build/id.c:22:13: error: use of undeclared identifier 'id_a'
  param_h = id_a;
            ^
build/id.c:23:12: error: use of undeclared identifier 'clos_g'
  result = clos_g.fn(param_h);
           ^
build/id.c:23:22: error: use of undeclared identifier 'param_h'
  result = clos_g.fn(param_h);
                     ^
8 errors generated.

build/closure1.c:
build/closure1.c:20:3: error: use of undeclared identifier 'foo_a'
  foo_a = closure_e;
  ^
1 error generated.

build/closure2.c:
build/closure2.c:20:3: error: use of undeclared identifier 'f_a'
  f_a = closure_e;
  ^
1 error generated.

build/markovChain.c:
build/markovChain.c:27:18: warning: equality comparison with extraneous parentheses [-Wparentheses-equality]
   if ((_b.index == 0))
        ~~~~~~~~~^~~~
build/markovChain.c:27:18: note: remove extraneous parentheses around the comparison to silence this warning
   if ((_b.index == 0))
       ~         ^   ~
build/markovChain.c:27:18: note: use '=' to turn this equality comparison into an assignment
   if ((_b.index == 0))
                 ^~
                 =
build/markovChain.c:71:21: warning: equality comparison with extraneous parentheses [-Wparentheses-equality]
      if ((_n.index == 0))
           ~~~~~~~~~^~~~
build/markovChain.c:71:21: note: remove extraneous parentheses around the comparison to silence this warning
      if ((_n.index == 0))
          ~         ^   ~
build/markovChain.c:71:21: note: use '=' to turn this equality comparison into an assignment
      if ((_n.index == 0))
                    ^~
                    =
2 warnings generated.
/nix/store/78w6a8zinhp7awdmrh5qbvxyci2pb8b4-glibc-2.25/lib/crt1.o: In function `_start':
/tmp/nix-build-glibc-2.25.drv-0/glibc-2.25/csu/../sysdeps/x86_64/start.S:110: undefined reference to `main'
clang-3.9: error: linker command failed with exit code 1 (use -v to see invocation)

build/closure3.c:
build/closure3.c:24:3: error: use of undeclared identifier 'f_a'
  f_a = closure_e;
  ^
1 error generated.

build/defFuns.c:
build/defFuns.c:12:8: error: use of undeclared identifier 'a_e'; did you mean 'a_c'?
  _a = a_e;
       ^~~
       a_c
build/defFuns.c:9:33: note: 'a_c' declared here
int fn_b(struct clos_d env, int a_c)
                                ^
build/defFuns.c:24:8: error: use of undeclared identifier 'a_k'; did you mean 'a_i'?
  _a = a_k;
       ^~~
       a_i
build/defFuns.c:21:47: note: 'a_i' declared here
unsigned fn_h(struct clos_j env, unsigned int a_i)
                                              ^
build/defFuns.c:33:3: error: use of undeclared identifier 'idInt_a'
  idInt_a = closure_f;
  ^
build/defFuns.c:34:3: error: use of undeclared identifier 'idNat_g'
  idNat_g = closure_l;
  ^
4 errors generated.

build/naiveBayesClassifier.c:
clang-3.9: error: no such file or directory: 'build/naiveBayesClassifier.c'

build/tugofwar.c:
build/tugofwar.c:48:8: error: use of undeclared identifier 'strength_f'; did you mean 'strength_d'?
  _b = strength_f;
       ^~~~~~~~~~
       strength_d
build/tugofwar.c:43:50: note: 'strength_d' declared here
struct mdata_real fn_c(struct clos_e env, double strength_d)
                                                 ^
build/tugofwar.c:71:3: error: use of undeclared identifier 'clos_c'
  clos_c = pulls_m;
  ^
build/tugofwar.c:71:12: error: use of undeclared identifier 'pulls_m'
  clos_c = pulls_m;
           ^
build/tugofwar.c:72:3: error: use of undeclared identifier 'param_d'
  param_d = pulls_m;
  ^
build/tugofwar.c:72:13: error: use of undeclared identifier 'pulls_m'
  param_d = pulls_m;
            ^
build/tugofwar.c:73:9: error: use of undeclared identifier 'clos_c'
  m_b = clos_c.fn(param_d);
        ^
build/tugofwar.c:73:19: error: use of undeclared identifier 'param_d'
  m_b = clos_c.fn(param_d);
                  ^
build/tugofwar.c:75:3: error: use of undeclared identifier 'clos_g'
  clos_g = pulls_m;
  ^
build/tugofwar.c:75:12: error: use of undeclared identifier 'pulls_m'
  clos_g = pulls_m;
           ^
build/tugofwar.c:76:3: error: use of undeclared identifier 'param_h'
  param_h = pulls_m;
  ^
build/tugofwar.c:76:13: error: use of undeclared identifier 'pulls_m'
  param_h = pulls_m;
            ^
build/tugofwar.c:77:9: error: use of undeclared identifier 'clos_g'
  m_f = clos_g.fn(param_h);
        ^
build/tugofwar.c:77:19: error: use of undeclared identifier 'param_h'
  m_f = clos_g.fn(param_h);
                  ^
build/tugofwar.c:115:3: error: use of undeclared identifier 'pulls_b'
  pulls_b = closure_g;
  ^
build/tugofwar.c:116:3: error: use of undeclared identifier 'winner_h'
  winner_h = closure_p;
  ^
build/tugofwar.c:129:3: error: use of undeclared identifier 'clos_a4'
  clos_a4 = winner_h;
  ^
build/tugofwar.c:129:13: error: use of undeclared identifier 'winner_h'
  clos_a4 = winner_h;
            ^
build/tugofwar.c:130:3: error: use of undeclared identifier 'param_a5'
  param_a5 = winner_h;
  ^
build/tugofwar.c:130:14: error: use of undeclared identifier 'winner_h'
  param_a5 = winner_h;
             ^
fatal error: too many errors emitted, stopping now [-ferror-limit=]
20 errors generated.

build/userbool.c:
clang-3.9: error: no such file or directory: 'build/userbool.c'

build/plate1.c:
clang-3.9: error: no such file or directory: 'build/plate1.c'

build/lam.c:
/nix/store/78w6a8zinhp7awdmrh5qbvxyci2pb8b4-glibc-2.25/lib/crt1.o: In function `_start':
/tmp/nix-build-glibc-2.25.drv-0/glibc-2.25/csu/../sysdeps/x86_64/start.S:110: undefined reference to `main'
clang-3.9: error: linker command failed with exit code 1 (use -v to see invocation)

build/lamMeasure.c:
/nix/store/78w6a8zinhp7awdmrh5qbvxyci2pb8b4-glibc-2.25/lib/crt1.o: In function `_start':
/tmp/nix-build-glibc-2.25.drv-0/glibc-2.25/csu/../sysdeps/x86_64/start.S:110: undefined reference to `main'
clang-3.9: error: linker command failed with exit code 1 (use -v to see invocation)

build/matchPair.c:
/nix/store/78w6a8zinhp7awdmrh5qbvxyci2pb8b4-glibc-2.25/lib/crt1.o: In function `_start':
/tmp/nix-build-glibc-2.25.drv-0/glibc-2.25/csu/../sysdeps/x86_64/start.S:110: undefined reference to `main'
clang-3.9: error: linker command failed with exit code 1 (use -v to see invocation)

build/state.c:
/nix/store/78w6a8zinhp7awdmrh5qbvxyci2pb8b4-glibc-2.25/lib/crt1.o: In function `_start':
/tmp/nix-build-glibc-2.25.drv-0/glibc-2.25/csu/../sysdeps/x86_64/start.S:110: undefined reference to `main'
clang-3.9: error: linker command failed with exit code 1 (use -v to see invocation)

build/lamSum.c:
/nix/store/78w6a8zinhp7awdmrh5qbvxyci2pb8b4-glibc-2.25/lib/crt1.o: In function `_start':
/tmp/nix-build-glibc-2.25.drv-0/glibc-2.25/csu/../sysdeps/x86_64/start.S:110: undefined reference to `main'
clang-3.9: error: linker command failed with exit code 1 (use -v to see invocation)

build/closureMulti.c:
build/closureMulti.c:20:3: error: use of undeclared identifier 'f_a'
  f_a = closure_f;
  ^
1 error generated.

build/closureCapture.c:
build/closureCapture.c:12:8: error: use of undeclared identifier 'x_f'
  _a = x_f;
       ^
build/closureCapture.c:22:3: error: use of undeclared identifier 'f_b'
  f_b = closure_g;
  ^
2 errors generated.

build/asignal.c:
build/asignal.c:54:8: error: use of undeclared identifier 'width_f'; did you mean 'width_d'?
  _c = width_f;
       ^~~~~~~
       width_d
build/asignal.c:48:50: note: 'width_d' declared here
struct mdata_real fn_c(struct clos_e env, double width_d)
                                                 ^
build/asignal.c:66:3: error: use of undeclared identifier 'noise_b'
  noise_b = closure_g;
  ^
build/asignal.c:67:3: error: use of undeclared identifier 'clos_i'
  clos_i = noise_b;
  ^
build/asignal.c:67:12: error: use of undeclared identifier 'noise_b'
  clos_i = noise_b;
           ^
build/asignal.c:68:3: error: use of undeclared identifier 'param_j'
  param_j = noise_b;
  ^
build/asignal.c:68:13: error: use of undeclared identifier 'noise_b'
  param_j = noise_b;
            ^
build/asignal.c:69:9: error: use of undeclared identifier 'clos_i'
  m_h = clos_i.fn(param_j);
        ^
build/asignal.c:69:19: error: use of undeclared identifier 'param_j'
  m_h = clos_i.fn(param_j);
                  ^
8 errors generated.

build/simp_hello2.c:
/nix/store/78w6a8zinhp7awdmrh5qbvxyci2pb8b4-glibc-2.25/lib/crt1.o: In function `_start':
/tmp/nix-build-glibc-2.25.drv-0/glibc-2.25/csu/../sysdeps/x86_64/start.S:110: undefined reference to `main'
clang-3.9: error: linker command failed with exit code 1 (use -v to see invocation)

build/perceptronTrain.c:
build/perceptronTrain.c:60:8: error: use of undeclared identifier 'params_j'; did you mean 'params_f'?
  _b = params_j;
       ^~~~~~~~
       params_f
build/perceptronTrain.c:33:127: note: 'params_f' declared here
struct dat_Karray_realKrealDV fn_c(struct clos_g env, struct array_int features_d, int label_e, struct dat_Karray_realKrealDV params_f)
                                                                                                                              ^
build/perceptronTrain.c:80:10: error: use of undeclared identifier 'features_h'; did you mean 'features_d'?
    _q = features_h;
         ^~~~~~~~~~
         features_d
build/perceptronTrain.c:33:72: note: 'features_d' declared here
struct dat_Karray_realKrealDV fn_c(struct clos_g env, struct array_int features_d, int label_e, struct dat_Karray_realKrealDV params_f)
                                                                       ^
build/perceptronTrain.c:92:8: error: use of undeclared identifier 'label_i'; did you mean 'label_e'?
  _y = label_i;
       ^~~~~~~
       label_e
build/perceptronTrain.c:33:88: note: 'label_e' declared here
struct dat_Karray_realKrealDV fn_c(struct clos_g env, struct array_int features_d, int label_e, struct dat_Karray_realKrealDV params_f)
                                                                                       ^
build/perceptronTrain.c:98:9: error: use of undeclared identifier 'label_i'; did you mean 'label_e'?
  _a4 = label_i;
        ^~~~~~~
        label_e
build/perceptronTrain.c:33:88: note: 'label_e' declared here
struct dat_Karray_realKrealDV fn_c(struct clos_g env, struct array_int features_d, int label_e, struct dat_Karray_realKrealDV params_f)
                                                                                       ^
build/perceptronTrain.c:105:18: warning: equality comparison with extraneous parentheses [-Wparentheses-equality]
   if ((_u.index == 0))
        ~~~~~~~~~^~~~
build/perceptronTrain.c:105:18: note: remove extraneous parentheses around the comparison to silence this warning
   if ((_u.index == 0))
       ~         ^   ~
build/perceptronTrain.c:105:18: note: use '=' to turn this equality comparison into an assignment
   if ((_u.index == 0))
                 ^~
                 =
build/perceptronTrain.c:113:12: error: use of undeclared identifier 'features_h'; did you mean 'features_d'?
     _a7 = features_h;
           ^~~~~~~~~~
           features_d
build/perceptronTrain.c:33:72: note: 'features_d' declared here
struct dat_Karray_realKrealDV fn_c(struct clos_g env, struct array_int features_d, int label_e, struct dat_Karray_realKrealDV params_f)
                                                                       ^
build/perceptronTrain.c:131:14: error: use of undeclared identifier 'label_i'; did you mean 'label_e'?
       _ae = label_i;
             ^~~~~~~
             label_e
build/perceptronTrain.c:33:88: note: 'label_e' declared here
struct dat_Karray_realKrealDV fn_c(struct clos_g env, struct array_int features_d, int label_e, struct dat_Karray_realKrealDV params_f)
                                                                                       ^
build/perceptronTrain.c:133:14: error: use of undeclared identifier 'features_h'; did you mean 'features_d'?
       _ah = features_h;
             ^~~~~~~~~~
             features_d
build/perceptronTrain.c:33:72: note: 'features_d' declared here
struct dat_Karray_realKrealDV fn_c(struct clos_g env, struct array_int features_d, int label_e, struct dat_Karray_realKrealDV params_f)
                                                                       ^
build/perceptronTrain.c:140:12: error: use of undeclared identifier 'label_i'; did you mean 'label_e'?
     _aj = label_i;
           ^~~~~~~
           label_e
build/perceptronTrain.c:33:88: note: 'label_e' declared here
struct dat_Karray_realKrealDV fn_c(struct clos_g env, struct array_int features_d, int label_e, struct dat_Karray_realKrealDV params_f)
                                                                                       ^
build/perceptronTrain.c:147:11: error: use of undeclared identifier 'params_j'; did you mean 'params_f'?
     _a = params_j;
          ^~~~~~~~
          params_f
build/perceptronTrain.c:33:127: note: 'params_f' declared here
struct dat_Karray_realKrealDV fn_c(struct clos_g env, struct array_int features_d, int label_e, struct dat_Karray_realKrealDV params_f)
                                                                                                                              ^
build/perceptronTrain.c:155:3: error: use of undeclared identifier 'perceptronUpdate_b'
  perceptronUpdate_b = closure_k;
  ^
build/perceptronTrain.c:156:3: error: use of undeclared identifier 'out_a'
  out_a = perceptronUpdate_b;
  ^
build/perceptronTrain.c:156:11: error: use of undeclared identifier 'perceptronUpdate_b'
  out_a = perceptronUpdate_b;
          ^
build/perceptronTrain.c:157:10: error: use of undeclared identifier 'out_a'
  return out_a;
         ^
1 warning and 13 errors generated.

build/MissingData.c:
clang-3.9: error: no such file or directory: 'build/MissingData.c'

2datadecl.hk:
hkc: TODO: symbolResolution{U.Data} "foo" with []:[TypeVar "bar"]
CallStack (from HasCallStack):
  error, called at haskell/Language/Hakaru/Parser/SymbolResolve.hs:363:32 in hakaru-0.4.0-Bi9t5LExVlVDRcSkjVfXVc:Language.Hakaru.Parser.SymbolResolve

measureLebesgue.hk:
hkc: TODO: flattenMeasureOp: Lebesgue
CallStack (from HasCallStack):
  error, called at haskell/Language/Hakaru/CodeGen/Flatten.hs:1303:22 in hakaru-0.4.0-Bi9t5LExVlVDRcSkjVfXVc:Language.Hakaru.CodeGen.Flatten

plateNormal.hk:
hkc: plate will leak memory without the '-g' flag and boehm-gc
CallStack (from HasCallStack):
  error, called at haskell/Language/Hakaru/CodeGen/Flatten.hs:437:29 in hakaru-0.4.0-Bi9t5LExVlVDRcSkjVfXVc:Language.Hakaru.CodeGen.Flatten

vec3.hk:
hkc: TODO: symbolResolution{U.Data} "vec3" with ["a"]:[TypeApp "mkVec3" [TypeVar "a",TypeVar "a",TypeVar "a"]]
CallStack (from HasCallStack):
  error, called at haskell/Language/Hakaru/Parser/SymbolResolve.hs:363:32 in hakaru-0.4.0-Bi9t5LExVlVDRcSkjVfXVc:Language.Hakaru.Parser.SymbolResolve

matchMaybe2.hk:
hkc: TODO: flattenCase{SData (STyApp (STyCon (SingSymbol :: Sing "Maybe")) SInt) (SPlus SDone (SPlus (SEt (SKonst SInt) SDone) SVoid))}
CallStack (from HasCallStack):
  error, called at haskell/Language/Hakaru/CodeGen/Flatten.hs:902:19 in hakaru-0.4.0-Bi9t5LExVlVDRcSkjVfXVc:Language.Hakaru.CodeGen.Flatten

plateDirac.hk:
hkc: plate will leak memory without the '-g' flag and boehm-gc
CallStack (from HasCallStack):
  error, called at haskell/Language/Hakaru/CodeGen/Flatten.hs:437:29 in hakaru-0.4.0-Bi9t5LExVlVDRcSkjVfXVc:Language.Hakaru.CodeGen.Flatten

matchMaybe.hk:
hkc: TODO: flattenCase{SData (STyApp (STyCon (SingSymbol :: Sing "Maybe")) SInt) (SPlus SDone (SPlus (SEt (SKonst SInt) SDone) SVoid))}
CallStack (from HasCallStack):
  error, called at haskell/Language/Hakaru/CodeGen/Flatten.hs:902:19 in hakaru-0.4.0-Bi9t5LExVlVDRcSkjVfXVc:Language.Hakaru.CodeGen.Flatten

plateUniform.hk:
hkc: plate will leak memory without the '-g' flag and boehm-gc
CallStack (from HasCallStack):
  error, called at haskell/Language/Hakaru/CodeGen/Flatten.hs:437:29 in hakaru-0.4.0-Bi9t5LExVlVDRcSkjVfXVc:Language.Hakaru.CodeGen.Flatten

observe.hk:
hkc: plate will leak memory without the '-g' flag and boehm-gc
CallStack (from HasCallStack):
  error, called at haskell/Language/Hakaru/CodeGen/Flatten.hs:437:29 in hakaru-0.4.0-Bi9t5LExVlVDRcSkjVfXVc:Language.Hakaru.CodeGen.Flatten

linearModel.hk:
hkc: TODO: symbolResolution{U.Data} "modelParams" with []:[TypeApp "normals" [TypeApp "array" [TypeApp "pair" [TypeVar "real",TypeVar "prob"]],TypeApp "pair" [TypeVar "real",TypeVar "prob"]]]
CallStack (from HasCallStack):
  error, called at haskell/Language/Hakaru/Parser/SymbolResolve.hs:363:32 in hakaru-0.4.0-Bi9t5LExVlVDRcSkjVfXVc:Language.Hakaru.Parser.SymbolResolve

plate.hk:
hkc: plate will leak memory without the '-g' flag and boehm-gc
CallStack (from HasCallStack):
  error, called at haskell/Language/Hakaru/CodeGen/Flatten.hs:437:29 in hakaru-0.4.0-Bi9t5LExVlVDRcSkjVfXVc:Language.Hakaru.CodeGen.Flatten

arrayReduceNoBind.hk:
hkc: TODO: flattenArrayOp
CallStack (from HasCallStack):
  error, called at haskell/Language/Hakaru/CodeGen/Flatten.hs:622:29 in hakaru-0.4.0-Bi9t5LExVlVDRcSkjVfXVc:Language.Hakaru.CodeGen.Flatten

vec3Match.hk:
hkc: TODO: symbolResolution{U.Data} "vec3" with ["a"]:[TypeApp "mkVec3" [TypeVar "a",TypeVar "a",TypeVar "a"]]
CallStack (from HasCallStack):
  error, called at haskell/Language/Hakaru/Parser/SymbolResolve.hs:363:32 in hakaru-0.4.0-Bi9t5LExVlVDRcSkjVfXVc:Language.Hakaru.Parser.SymbolResolve

weightsPlate.hk:
hkc: plate will leak memory without the '-g' flag and boehm-gc
CallStack (from HasCallStack):
  error, called at haskell/Language/Hakaru/CodeGen/Flatten.hs:437:29 in hakaru-0.4.0-Bi9t5LExVlVDRcSkjVfXVc:Language.Hakaru.CodeGen.Flatten

plateUniform2.hk:
hkc: plate will leak memory without the '-g' flag and boehm-gc
CallStack (from HasCallStack):
  error, called at haskell/Language/Hakaru/CodeGen/Flatten.hs:437:29 in hakaru-0.4.0-Bi9t5LExVlVDRcSkjVfXVc:Language.Hakaru.CodeGen.Flatten

datadeclThen42.hk:
hkc: TODO: symbolResolution{U.Data} "foo" with []:[TypeVar "bar"]
CallStack (from HasCallStack):
  error, called at haskell/Language/Hakaru/Parser/SymbolResolve.hs:363:32 in hakaru-0.4.0-Bi9t5LExVlVDRcSkjVfXVc:Language.Hakaru.Parser.SymbolResolve

measureCounting.hk:
hkc: TODO: flattenMeasureOp: Counting
CallStack (from HasCallStack):
  error, called at haskell/Language/Hakaru/CodeGen/Flatten.hs:1303:22 in hakaru-0.4.0-Bi9t5LExVlVDRcSkjVfXVc:Language.Hakaru.CodeGen.Flatten

build/summary1.c:
build/summary1.c:47:20: warning: equality comparison with extraneous parentheses [-Wparentheses-equality]
     if ((_i.index == 0))
          ~~~~~~~~~^~~~
build/summary1.c:47:20: note: remove extraneous parentheses around the comparison to silence this warning
     if ((_i.index == 0))
         ~         ^   ~
build/summary1.c:47:20: note: use '=' to turn this equality comparison into an assignment
     if ((_i.index == 0))
                   ^~
                   =
build/summary1.c:81:20: warning: equality comparison with extraneous parentheses [-Wparentheses-equality]
     if ((_w.index == 0))
          ~~~~~~~~~^~~~
build/summary1.c:81:20: note: remove extraneous parentheses around the comparison to silence this warning
     if ((_w.index == 0))
         ~         ^   ~
build/summary1.c:81:20: note: use '=' to turn this equality comparison into an assignment
     if ((_w.index == 0))
                   ^~
                   =
2 warnings generated.
/nix/store/78w6a8zinhp7awdmrh5qbvxyci2pb8b4-glibc-2.25/lib/crt1.o: In function `_start':
/tmp/nix-build-glibc-2.25.drv-0/glibc-2.25/csu/../sysdeps/x86_64/start.S:110: undefined reference to `main'
clang-3.9: error: linker command failed with exit code 1 (use -v to see invocation)

build/logisticRegression.c:
build/logisticRegression.c:72:8: error: use of undeclared identifier 'params_j'; did you mean 'params_e'?
  _b = params_j;
       ^~~~~~~~
       params_e
build/logisticRegression.c:48:127: note: 'params_e' declared here
struct dat_Karray_realKrealDV fn_c(struct clos_h env, struct array_dat_Karray_intKintDV dset_d, struct dat_Karray_realKrealDV params_e, double eta_f, double reg_g)
                                                                                                                              ^
build/logisticRegression.c:87:10: error: use of undeclared identifier 'dset_i'; did you mean 'dset_d'?
    _j = dset_i;
         ^~~~~~
         dset_d
build/logisticRegression.c:48:89: note: 'dset_d' declared here
struct dat_Karray_realKrealDV fn_c(struct clos_h env, struct array_dat_Karray_intKintDV dset_d, struct dat_Karray_realKrealDV params_e, double eta_f, double reg_g)
                                                                                        ^
build/logisticRegression.c:123:12: error: use of undeclared identifier 'dset_i'; did you mean 'dset_d'?
      _p = dset_i;
           ^~~~~~
           dset_d
build/logisticRegression.c:48:89: note: 'dset_d' declared here
struct dat_Karray_realKrealDV fn_c(struct clos_h env, struct array_dat_Karray_intKintDV dset_d, struct dat_Karray_realKrealDV params_e, double eta_f, double reg_g)
                                                                                        ^
build/logisticRegression.c:179:9: error: use of undeclared identifier 'dset_i'; did you mean 'dset_d'?
  _aq = dset_i;
        ^~~~~~
        dset_d
build/logisticRegression.c:48:89: note: 'dset_d' declared here
struct dat_Karray_realKrealDV fn_c(struct clos_h env, struct array_dat_Karray_intKintDV dset_d, struct dat_Karray_realKrealDV params_e, double eta_f, double reg_g)
                                                                                        ^
build/logisticRegression.c:211:11: error: use of undeclared identifier 'dset_i'; did you mean 'dset_d'?
    _aw = dset_i;
          ^~~~~~
          dset_d
build/logisticRegression.c:48:89: note: 'dset_d' declared here
struct dat_Karray_realKrealDV fn_c(struct clos_h env, struct array_dat_Karray_intKintDV dset_d, struct dat_Karray_realKrealDV params_e, double eta_f, double reg_g)
                                                                                        ^
build/logisticRegression.c:288:11: error: use of undeclared identifier 'eta_k'; did you mean 'eta_f'?
    _by = eta_k;
          ^~~~~
          eta_f
build/logisticRegression.c:48:144: note: 'eta_f' declared here
struct dat_Karray_realKrealDV fn_c(struct clos_h env, struct array_dat_Karray_intKintDV dset_d, struct dat_Karray_realKrealDV params_e, double eta_f, double reg_g)
                                                                                                                                               ^
build/logisticRegression.c:299:11: error: use of undeclared identifier 'reg_l'; did you mean 'reg_g'?
    _c8 = reg_l;
          ^~~~~
          reg_g
build/logisticRegression.c:48:158: note: 'reg_g' declared here
struct dat_Karray_realKrealDV fn_c(struct clos_h env, struct array_dat_Karray_intKintDV dset_d, struct dat_Karray_realKrealDV params_e, double eta_f, double reg_g)
                                                                                                                                                             ^
build/logisticRegression.c:307:9: error: use of undeclared identifier 'eta_k'; did you mean 'eta_f'?
  _ce = eta_k;
        ^~~~~
        eta_f
build/logisticRegression.c:48:144: note: 'eta_f' declared here
struct dat_Karray_realKrealDV fn_c(struct clos_h env, struct array_dat_Karray_intKintDV dset_d, struct dat_Karray_realKrealDV params_e, double eta_f, double reg_g)
                                                                                                                                               ^
build/logisticRegression.c:320:3: error: use of undeclared identifier 'logisticUpdate_b'
  logisticUpdate_b = closure_m;
  ^
build/logisticRegression.c:321:3: error: use of undeclared identifier 'out_a'
  out_a = logisticUpdate_b;
  ^
build/logisticRegression.c:321:11: error: use of undeclared identifier 'logisticUpdate_b'
  out_a = logisticUpdate_b;
          ^
build/logisticRegression.c:322:10: error: use of undeclared identifier 'out_a'
  return out_a;
         ^
12 errors generated.

build/music.c:
build/music.c:28:8: error: use of undeclared identifier 'key_g'; did you mean 'key_d'?
  _d = key_g;
       ^~~~~
       key_d
build/music.c:20:47: note: 'key_d' declared here
struct mdata_real fn_c(struct clos_f env, int key_d, double octive_seed_e)
                                              ^
build/music.c:30:8: error: use of undeclared identifier 'octive_seed_h'; did you mean 'octive_seed_e'?
  _e = octive_seed_h;
       ^~~~~~~~~~~~~
       octive_seed_e
build/music.c:20:61: note: 'octive_seed_e' declared here
struct mdata_real fn_c(struct clos_f env, int key_d, double octive_seed_e)
                                                            ^
build/music.c:87:3: error: use of undeclared identifier 'chord_b'
  chord_b = closure_i;
  ^
build/music.c:88:3: error: use of undeclared identifier 'interval_j'
  interval_j = closure_o;
  ^
build/music.c:93:3: error: use of undeclared identifier 'clos_v'
  clos_v = chord_b;
  ^
build/music.c:93:12: error: use of undeclared identifier 'chord_b'
  clos_v = chord_b;
           ^
build/music.c:94:3: error: use of undeclared identifier 'param_w'
  param_w = chord_b;
  ^
build/music.c:94:13: error: use of undeclared identifier 'chord_b'
  param_w = chord_b;
            ^
build/music.c:95:3: error: use of undeclared identifier 'clos_u'
  clos_u = clos_v.fn(param_w);
  ^
build/music.c:95:12: error: use of undeclared identifier 'clos_v'
  clos_u = clos_v.fn(param_w);
           ^
build/music.c:95:22: error: use of undeclared identifier 'param_w'
  clos_u = clos_v.fn(param_w);
                     ^
build/music.c:96:3: error: use of undeclared identifier 'clos_y'
  clos_y = chord_b;
  ^
build/music.c:96:12: error: use of undeclared identifier 'chord_b'
  clos_y = chord_b;
           ^
build/music.c:97:3: error: use of undeclared identifier 'param_z'
  param_z = chord_b;
  ^
build/music.c:97:13: error: use of undeclared identifier 'chord_b'
  param_z = chord_b;
            ^
build/music.c:98:3: error: use of undeclared identifier 'param_x'
  param_x = clos_y.fn(param_z);
  ^
build/music.c:98:13: error: use of undeclared identifier 'clos_y'
  param_x = clos_y.fn(param_z);
            ^
build/music.c:98:23: error: use of undeclared identifier 'param_z'
  param_x = clos_y.fn(param_z);
                      ^
build/music.c:99:12: error: use of undeclared identifier 'clos_u'
  samp_t = clos_u.fn(param_x);
           ^
fatal error: too many errors emitted, stopping now [-ferror-limit=]
20 errors generated.

build/nb_simp.c:
build/nb_simp.c:42:18: warning: equality comparison with extraneous parentheses [-Wparentheses-equality]
   if ((_b.index == 0))
        ~~~~~~~~~^~~~
build/nb_simp.c:42:18: note: remove extraneous parentheses around the comparison to silence this warning
   if ((_b.index == 0))
       ~         ^   ~
build/nb_simp.c:42:18: note: use '=' to turn this equality comparison into an assignment
   if ((_b.index == 0))
                 ^~
                 =
build/nb_simp.c:196:30: warning: equality comparison with extraneous parentheses [-Wparentheses-equality]
              if ((_aa.index == 0))
                   ~~~~~~~~~~^~~~
build/nb_simp.c:196:30: note: remove extraneous parentheses around the comparison to silence this warning
              if ((_aa.index == 0))
                  ~          ^   ~
build/nb_simp.c:196:30: note: use '=' to turn this equality comparison into an assignment
              if ((_aa.index == 0))
                             ^~
                             =
build/nb_simp.c:216:33: warning: equality comparison with extraneous parentheses [-Wparentheses-equality]
                 if ((_af.index == 0))
                      ~~~~~~~~~~^~~~
build/nb_simp.c:216:33: note: remove extraneous parentheses around the comparison to silence this warning
                 if ((_af.index == 0))
                     ~          ^   ~
build/nb_simp.c:216:33: note: use '=' to turn this equality comparison into an assignment
                 if ((_af.index == 0))
                                ^~
                                =
build/nb_simp.c:273:32: warning: equality comparison with extraneous parentheses [-Wparentheses-equality]
                if ((_b2.index == 0))
                     ~~~~~~~~~~^~~~
build/nb_simp.c:273:32: note: remove extraneous parentheses around the comparison to silence this warning
                if ((_b2.index == 0))
                    ~          ^   ~
build/nb_simp.c:273:32: note: use '=' to turn this equality comparison into an assignment
                if ((_b2.index == 0))
                               ^~
                               =
build/nb_simp.c:305:35: warning: equality comparison with extraneous parentheses [-Wparentheses-equality]
                   if ((_b7.index == 0))
                        ~~~~~~~~~~^~~~
build/nb_simp.c:305:35: note: remove extraneous parentheses around the comparison to silence this warning
                   if ((_b7.index == 0))
                       ~          ^   ~
build/nb_simp.c:305:35: note: use '=' to turn this equality comparison into an assignment
                   if ((_b7.index == 0))
                                  ^~
                                  =
build/nb_simp.c:362:26: warning: equality comparison with extraneous parentheses [-Wparentheses-equality]
          if ((_c0.index == 0))
               ~~~~~~~~~~^~~~
build/nb_simp.c:362:26: note: remove extraneous parentheses around the comparison to silence this warning
          if ((_c0.index == 0))
              ~          ^   ~
build/nb_simp.c:362:26: note: use '=' to turn this equality comparison into an assignment
          if ((_c0.index == 0))
                         ^~
                         =
build/nb_simp.c:378:29: warning: equality comparison with extraneous parentheses [-Wparentheses-equality]
             if ((_c3.index == 0))
                  ~~~~~~~~~~^~~~
build/nb_simp.c:378:29: note: remove extraneous parentheses around the comparison to silence this warning
             if ((_c3.index == 0))
                 ~          ^   ~
build/nb_simp.c:378:29: note: use '=' to turn this equality comparison into an assignment
             if ((_c3.index == 0))
                            ^~
                            =
build/nb_simp.c:411:26: warning: equality comparison with extraneous parentheses [-Wparentheses-equality]
          if ((_cm.index == 0))
               ~~~~~~~~~~^~~~
build/nb_simp.c:411:26: note: remove extraneous parentheses around the comparison to silence this warning
          if ((_cm.index == 0))
              ~          ^   ~
build/nb_simp.c:411:26: note: use '=' to turn this equality comparison into an assignment
          if ((_cm.index == 0))
                         ^~
                         =
build/nb_simp.c:427:29: warning: equality comparison with extraneous parentheses [-Wparentheses-equality]
             if ((_cp.index == 0))
                  ~~~~~~~~~~^~~~
build/nb_simp.c:427:29: note: remove extraneous parentheses around the comparison to silence this warning
             if ((_cp.index == 0))
                 ~          ^   ~
build/nb_simp.c:427:29: note: use '=' to turn this equality comparison into an assignment
             if ((_cp.index == 0))
                            ^~
                            =
build/nb_simp.c:514:28: warning: equality comparison with extraneous parentheses [-Wparentheses-equality]
            if ((_dq.index == 0))
                 ~~~~~~~~~~^~~~
build/nb_simp.c:514:28: note: remove extraneous parentheses around the comparison to silence this warning
            if ((_dq.index == 0))
                ~          ^   ~
build/nb_simp.c:514:28: note: use '=' to turn this equality comparison into an assignment
            if ((_dq.index == 0))
                           ^~
                           =
build/nb_simp.c:538:31: warning: equality comparison with extraneous parentheses [-Wparentheses-equality]
               if ((_dv.index == 0))
                    ~~~~~~~~~~^~~~
build/nb_simp.c:538:31: note: remove extraneous parentheses around the comparison to silence this warning
               if ((_dv.index == 0))
                   ~          ^   ~
build/nb_simp.c:538:31: note: use '=' to turn this equality comparison into an assignment
               if ((_dv.index == 0))
                              ^~
                              =
build/nb_simp.c:601:30: warning: equality comparison with extraneous parentheses [-Wparentheses-equality]
              if ((_ek.index == 0))
                   ~~~~~~~~~~^~~~
build/nb_simp.c:601:30: note: remove extraneous parentheses around the comparison to silence this warning
              if ((_ek.index == 0))
                  ~          ^   ~
build/nb_simp.c:601:30: note: use '=' to turn this equality comparison into an assignment
              if ((_ek.index == 0))
                             ^~
                             =
build/nb_simp.c:637:33: warning: equality comparison with extraneous parentheses [-Wparentheses-equality]
                 if ((_ep.index == 0))
                      ~~~~~~~~~~^~~~
build/nb_simp.c:637:33: note: remove extraneous parentheses around the comparison to silence this warning
                 if ((_ep.index == 0))
                     ~          ^   ~
build/nb_simp.c:637:33: note: use '=' to turn this equality comparison into an assignment
                 if ((_ep.index == 0))
                                ^~
                                =
build/nb_simp.c:786:28: warning: equality comparison with extraneous parentheses [-Wparentheses-equality]
            if ((_gg.index == 0))
                 ~~~~~~~~~~^~~~
build/nb_simp.c:786:28: note: remove extraneous parentheses around the comparison to silence this warning
            if ((_gg.index == 0))
                ~          ^   ~
build/nb_simp.c:786:28: note: use '=' to turn this equality comparison into an assignment
            if ((_gg.index == 0))
                           ^~
                           =
build/nb_simp.c:818:31: warning: equality comparison with extraneous parentheses [-Wparentheses-equality]
               if ((_gl.index == 0))
                    ~~~~~~~~~~^~~~
build/nb_simp.c:818:31: note: remove extraneous parentheses around the comparison to silence this warning
               if ((_gl.index == 0))
                   ~          ^   ~
build/nb_simp.c:818:31: note: use '=' to turn this equality comparison into an assignment
               if ((_gl.index == 0))
                              ^~
                              =
build/nb_simp.c:909:26: warning: equality comparison with extraneous parentheses [-Wparentheses-equality]
          if ((_hs.index == 0))
               ~~~~~~~~~~^~~~
build/nb_simp.c:909:26: note: remove extraneous parentheses around the comparison to silence this warning
          if ((_hs.index == 0))
              ~          ^   ~
build/nb_simp.c:909:26: note: use '=' to turn this equality comparison into an assignment
          if ((_hs.index == 0))
                         ^~
                         =
build/nb_simp.c:925:29: warning: equality comparison with extraneous parentheses [-Wparentheses-equality]
             if ((_hv.index == 0))
                  ~~~~~~~~~~^~~~
build/nb_simp.c:925:29: note: remove extraneous parentheses around the comparison to silence this warning
             if ((_hv.index == 0))
                 ~          ^   ~
build/nb_simp.c:925:29: note: use '=' to turn this equality comparison into an assignment
             if ((_hv.index == 0))
                            ^~
                            =
build/nb_simp.c:988:24: warning: equality comparison with extraneous parentheses [-Wparentheses-equality]
        if ((_im.index == 0))
             ~~~~~~~~~~^~~~
build/nb_simp.c:988:24: note: remove extraneous parentheses around the comparison to silence this warning
        if ((_im.index == 0))
            ~          ^   ~
build/nb_simp.c:988:24: note: use '=' to turn this equality comparison into an assignment
        if ((_im.index == 0))
                       ^~
                       =
build/nb_simp.c:1004:27: warning: equality comparison with extraneous parentheses [-Wparentheses-equality]
           if ((_ip.index == 0))
                ~~~~~~~~~~^~~~
build/nb_simp.c:1004:27: note: remove extraneous parentheses around the comparison to silence this warning
           if ((_ip.index == 0))
               ~          ^   ~
build/nb_simp.c:1004:27: note: use '=' to turn this equality comparison into an assignment
           if ((_ip.index == 0))
                          ^~
                          =
build/nb_simp.c:1119:26: warning: equality comparison with extraneous parentheses [-Wparentheses-equality]
          if ((_jy.index == 0))
               ~~~~~~~~~~^~~~
build/nb_simp.c:1119:26: note: remove extraneous parentheses around the comparison to silence this warning
          if ((_jy.index == 0))
              ~          ^   ~
build/nb_simp.c:1119:26: note: use '=' to turn this equality comparison into an assignment
          if ((_jy.index == 0))
                         ^~
                         =
build/nb_simp.c:1155:29: warning: equality comparison with extraneous parentheses [-Wparentheses-equality]
             if ((_k3.index == 0))
                  ~~~~~~~~~~^~~~
build/nb_simp.c:1155:29: note: remove extraneous parentheses around the comparison to silence this warning
             if ((_k3.index == 0))
                 ~          ^   ~
build/nb_simp.c:1155:29: note: use '=' to turn this equality comparison into an assignment
             if ((_k3.index == 0))
                            ^~
                            =
21 warnings generated.
/nix/store/78w6a8zinhp7awdmrh5qbvxyci2pb8b4-glibc-2.25/lib/crt1.o: In function `_start':
/tmp/nix-build-glibc-2.25.drv-0/glibc-2.25/csu/../sysdeps/x86_64/start.S:110: undefined reference to `main'
clang-3.9: error: linker command failed with exit code 1 (use -v to see invocation)

build/vec3Def.c:
clang-3.9: error: no such file or directory: 'build/vec3Def.c'

build/lam2.c:
/nix/store/78w6a8zinhp7awdmrh5qbvxyci2pb8b4-glibc-2.25/lib/crt1.o: In function `_start':
/tmp/nix-build-glibc-2.25.drv-0/glibc-2.25/csu/../sysdeps/x86_64/start.S:110: undefined reference to `main'
clang-3.9: error: linker command failed with exit code 1 (use -v to see invocation)

build/simp_nbg.c:
build/simp_nbg.c:101:27: warning: equality comparison with extraneous parentheses [-Wparentheses-equality]
           if ((_a3.index == 0))
                ~~~~~~~~~~^~~~
build/simp_nbg.c:101:27: note: remove extraneous parentheses around the comparison to silence this warning
           if ((_a3.index == 0))
               ~          ^   ~
build/simp_nbg.c:101:27: note: use '=' to turn this equality comparison into an assignment
           if ((_a3.index == 0))
                          ^~
                          =
build/simp_nbg.c:121:30: warning: equality comparison with extraneous parentheses [-Wparentheses-equality]
              if ((_a8.index == 0))
                   ~~~~~~~~~~^~~~
build/simp_nbg.c:121:30: note: remove extraneous parentheses around the comparison to silence this warning
              if ((_a8.index == 0))
                  ~          ^   ~
build/simp_nbg.c:121:30: note: use '=' to turn this equality comparison into an assignment
              if ((_a8.index == 0))
                             ^~
                             =
build/simp_nbg.c:218:29: warning: equality comparison with extraneous parentheses [-Wparentheses-equality]
             if ((_aw.index == 0))
                  ~~~~~~~~~~^~~~
build/simp_nbg.c:218:29: note: remove extraneous parentheses around the comparison to silence this warning
             if ((_aw.index == 0))
                 ~          ^   ~
build/simp_nbg.c:218:29: note: use '=' to turn this equality comparison into an assignment
             if ((_aw.index == 0))
                            ^~
                            =
build/simp_nbg.c:250:32: warning: equality comparison with extraneous parentheses [-Wparentheses-equality]
                if ((_b1.index == 0))
                     ~~~~~~~~~~^~~~
build/simp_nbg.c:250:32: note: remove extraneous parentheses around the comparison to silence this warning
                if ((_b1.index == 0))
                    ~          ^   ~
build/simp_nbg.c:250:32: note: use '=' to turn this equality comparison into an assignment
                if ((_b1.index == 0))
                               ^~
                               =
build/simp_nbg.c:286:29: warning: equality comparison with extraneous parentheses [-Wparentheses-equality]
             if ((_bu.index == 0))
                  ~~~~~~~~~~^~~~
build/simp_nbg.c:286:29: note: remove extraneous parentheses around the comparison to silence this warning
             if ((_bu.index == 0))
                 ~          ^   ~
build/simp_nbg.c:286:29: note: use '=' to turn this equality comparison into an assignment
             if ((_bu.index == 0))
                            ^~
                            =
build/simp_nbg.c:302:32: warning: equality comparison with extraneous parentheses [-Wparentheses-equality]
                if ((_bx.index == 0))
                     ~~~~~~~~~~^~~~
build/simp_nbg.c:302:32: note: remove extraneous parentheses around the comparison to silence this warning
                if ((_bx.index == 0))
                    ~          ^   ~
build/simp_nbg.c:302:32: note: use '=' to turn this equality comparison into an assignment
                if ((_bx.index == 0))
                               ^~
                               =
build/simp_nbg.c:335:29: warning: equality comparison with extraneous parentheses [-Wparentheses-equality]
             if ((_cg.index == 0))
                  ~~~~~~~~~~^~~~
build/simp_nbg.c:335:29: note: remove extraneous parentheses around the comparison to silence this warning
             if ((_cg.index == 0))
                 ~          ^   ~
build/simp_nbg.c:335:29: note: use '=' to turn this equality comparison into an assignment
             if ((_cg.index == 0))
                            ^~
                            =
build/simp_nbg.c:351:32: warning: equality comparison with extraneous parentheses [-Wparentheses-equality]
                if ((_cj.index == 0))
                     ~~~~~~~~~~^~~~
build/simp_nbg.c:351:32: note: remove extraneous parentheses around the comparison to silence this warning
                if ((_cj.index == 0))
                    ~          ^   ~
build/simp_nbg.c:351:32: note: use '=' to turn this equality comparison into an assignment
                if ((_cj.index == 0))
                               ^~
                               =
build/simp_nbg.c:438:31: warning: equality comparison with extraneous parentheses [-Wparentheses-equality]
               if ((_dk.index == 0))
                    ~~~~~~~~~~^~~~
build/simp_nbg.c:438:31: note: remove extraneous parentheses around the comparison to silence this warning
               if ((_dk.index == 0))
                   ~          ^   ~
build/simp_nbg.c:438:31: note: use '=' to turn this equality comparison into an assignment
               if ((_dk.index == 0))
                              ^~
                              =
build/simp_nbg.c:458:34: warning: equality comparison with extraneous parentheses [-Wparentheses-equality]
                  if ((_dp.index == 0))
                       ~~~~~~~~~~^~~~
build/simp_nbg.c:458:34: note: remove extraneous parentheses around the comparison to silence this warning
                  if ((_dp.index == 0))
                      ~          ^   ~
build/simp_nbg.c:458:34: note: use '=' to turn this equality comparison into an assignment
                  if ((_dp.index == 0))
                                 ^~
                                 =
build/simp_nbg.c:521:33: warning: equality comparison with extraneous parentheses [-Wparentheses-equality]
                 if ((_ec.index == 0))
                      ~~~~~~~~~~^~~~
build/simp_nbg.c:521:33: note: remove extraneous parentheses around the comparison to silence this warning
                 if ((_ec.index == 0))
                     ~          ^   ~
build/simp_nbg.c:521:33: note: use '=' to turn this equality comparison into an assignment
                 if ((_ec.index == 0))
                                ^~
                                =
build/simp_nbg.c:553:36: warning: equality comparison with extraneous parentheses [-Wparentheses-equality]
                    if ((_eh.index == 0))
                         ~~~~~~~~~~^~~~
build/simp_nbg.c:553:36: note: remove extraneous parentheses around the comparison to silence this warning
                    if ((_eh.index == 0))
                        ~          ^   ~
build/simp_nbg.c:553:36: note: use '=' to turn this equality comparison into an assignment
                    if ((_eh.index == 0))
                                   ^~
                                   =
12 warnings generated.
/nix/store/78w6a8zinhp7awdmrh5qbvxyci2pb8b4-glibc-2.25/lib/crt1.o: In function `_start':
/tmp/nix-build-glibc-2.25.drv-0/glibc-2.25/csu/../sysdeps/x86_64/start.S:110: undefined reference to `main'
clang-3.9: error: linker command failed with exit code 1 (use -v to see invocation)

build/simp_observe.c:
build/simp_observe.c:188:16: error: use of undeclared identifier 'M_PI'
  _ae = log1p((M_PI - 1));
               ^
1 error generated.

build/heirarchicalLogisticRegression.c:
clang-3.9: error: no such file or directory: 'build/heirarchicalLogisticRegression.c'

build/id.c:
build/id.c:12:8: error: use of undeclared identifier 'x_e'; did you mean 'x_c'?
  _a = x_e;
       ^~~
       x_c
build/id.c:9:33: note: 'x_c' declared here
int fn_b(struct clos_d env, int x_c)
                                ^
build/id.c:20:3: error: use of undeclared identifier 'id_a'
  id_a = closure_f;
  ^
build/id.c:21:3: error: use of undeclared identifier 'clos_g'
  clos_g = id_a;
  ^
build/id.c:21:12: error: use of undeclared identifier 'id_a'
  clos_g = id_a;
           ^
build/id.c:22:3: error: use of undeclared identifier 'param_h'
  param_h = id_a;
  ^
build/id.c:22:13: error: use of undeclared identifier 'id_a'
  param_h = id_a;
            ^
build/id.c:23:12: error: use of undeclared identifier 'clos_g'
  result = clos_g.fn(param_h);
           ^
build/id.c:23:22: error: use of undeclared identifier 'param_h'
  result = clos_g.fn(param_h);
                     ^
8 errors generated.

build/closure1.c:
build/closure1.c:20:3: error: use of undeclared identifier 'foo_a'
  foo_a = closure_e;
  ^
1 error generated.

build/closure2.c:
build/closure2.c:20:3: error: use of undeclared identifier 'f_a'
  f_a = closure_e;
  ^
1 error generated.

build/markovChain.c:
build/markovChain.c:27:18: warning: equality comparison with extraneous parentheses [-Wparentheses-equality]
   if ((_b.index == 0))
        ~~~~~~~~~^~~~
build/markovChain.c:27:18: note: remove extraneous parentheses around the comparison to silence this warning
   if ((_b.index == 0))
       ~         ^   ~
build/markovChain.c:27:18: note: use '=' to turn this equality comparison into an assignment
   if ((_b.index == 0))
                 ^~
                 =
build/markovChain.c:71:21: warning: equality comparison with extraneous parentheses [-Wparentheses-equality]
      if ((_n.index == 0))
           ~~~~~~~~~^~~~
build/markovChain.c:71:21: note: remove extraneous parentheses around the comparison to silence this warning
      if ((_n.index == 0))
          ~         ^   ~
build/markovChain.c:71:21: note: use '=' to turn this equality comparison into an assignment
      if ((_n.index == 0))
                    ^~
                    =
2 warnings generated.
/nix/store/78w6a8zinhp7awdmrh5qbvxyci2pb8b4-glibc-2.25/lib/crt1.o: In function `_start':
/tmp/nix-build-glibc-2.25.drv-0/glibc-2.25/csu/../sysdeps/x86_64/start.S:110: undefined reference to `main'
clang-3.9: error: linker command failed with exit code 1 (use -v to see invocation)

build/closure3.c:
build/closure3.c:24:3: error: use of undeclared identifier 'f_a'
  f_a = closure_e;
  ^
1 error generated.

build/defFuns.c:
build/defFuns.c:12:8: error: use of undeclared identifier 'a_e'; did you mean 'a_c'?
  _a = a_e;
       ^~~
       a_c
build/defFuns.c:9:33: note: 'a_c' declared here
int fn_b(struct clos_d env, int a_c)
                                ^
build/defFuns.c:24:8: error: use of undeclared identifier 'a_k'; did you mean 'a_i'?
  _a = a_k;
       ^~~
       a_i
build/defFuns.c:21:47: note: 'a_i' declared here
unsigned fn_h(struct clos_j env, unsigned int a_i)
                                              ^
build/defFuns.c:33:3: error: use of undeclared identifier 'idInt_a'
  idInt_a = closure_f;
  ^
build/defFuns.c:34:3: error: use of undeclared identifier 'idNat_g'
  idNat_g = closure_l;
  ^
4 errors generated.

build/naiveBayesClassifier.c:
clang-3.9: error: no such file or directory: 'build/naiveBayesClassifier.c'

build/tugofwar.c:
build/tugofwar.c:48:8: error: use of undeclared identifier 'strength_f'; did you mean 'strength_d'?
  _b = strength_f;
       ^~~~~~~~~~
       strength_d
build/tugofwar.c:43:50: note: 'strength_d' declared here
struct mdata_real fn_c(struct clos_e env, double strength_d)
                                                 ^
build/tugofwar.c:71:3: error: use of undeclared identifier 'clos_c'
  clos_c = pulls_m;
  ^
build/tugofwar.c:71:12: error: use of undeclared identifier 'pulls_m'
  clos_c = pulls_m;
           ^
build/tugofwar.c:72:3: error: use of undeclared identifier 'param_d'
  param_d = pulls_m;
  ^
build/tugofwar.c:72:13: error: use of undeclared identifier 'pulls_m'
  param_d = pulls_m;
            ^
build/tugofwar.c:73:9: error: use of undeclared identifier 'clos_c'
  m_b = clos_c.fn(param_d);
        ^
build/tugofwar.c:73:19: error: use of undeclared identifier 'param_d'
  m_b = clos_c.fn(param_d);
                  ^
build/tugofwar.c:75:3: error: use of undeclared identifier 'clos_g'
  clos_g = pulls_m;
  ^
build/tugofwar.c:75:12: error: use of undeclared identifier 'pulls_m'
  clos_g = pulls_m;
           ^
build/tugofwar.c:76:3: error: use of undeclared identifier 'param_h'
  param_h = pulls_m;
  ^
build/tugofwar.c:76:13: error: use of undeclared identifier 'pulls_m'
  param_h = pulls_m;
            ^
build/tugofwar.c:77:9: error: use of undeclared identifier 'clos_g'
  m_f = clos_g.fn(param_h);
        ^
build/tugofwar.c:77:19: error: use of undeclared identifier 'param_h'
  m_f = clos_g.fn(param_h);
                  ^
build/tugofwar.c:115:3: error: use of undeclared identifier 'pulls_b'
  pulls_b = closure_g;
  ^
build/tugofwar.c:116:3: error: use of undeclared identifier 'winner_h'
  winner_h = closure_p;
  ^
build/tugofwar.c:129:3: error: use of undeclared identifier 'clos_a4'
  clos_a4 = winner_h;
  ^
build/tugofwar.c:129:13: error: use of undeclared identifier 'winner_h'
  clos_a4 = winner_h;
            ^
build/tugofwar.c:130:3: error: use of undeclared identifier 'param_a5'
  param_a5 = winner_h;
  ^
build/tugofwar.c:130:14: error: use of undeclared identifier 'winner_h'
  param_a5 = winner_h;
             ^
fatal error: too many errors emitted, stopping now [-ferror-limit=]
20 errors generated.

build/userbool.c:
clang-3.9: error: no such file or directory: 'build/userbool.c'

build/plate1.c:
clang-3.9: error: no such file or directory: 'build/plate1.c'

build/lam.c:
/nix/store/78w6a8zinhp7awdmrh5qbvxyci2pb8b4-glibc-2.25/lib/crt1.o: In function `_start':
/tmp/nix-build-glibc-2.25.drv-0/glibc-2.25/csu/../sysdeps/x86_64/start.S:110: undefined reference to `main'
clang-3.9: error: linker command failed with exit code 1 (use -v to see invocation)

build/lamMeasure.c:
/nix/store/78w6a8zinhp7awdmrh5qbvxyci2pb8b4-glibc-2.25/lib/crt1.o: In function `_start':
/tmp/nix-build-glibc-2.25.drv-0/glibc-2.25/csu/../sysdeps/x86_64/start.S:110: undefined reference to `main'
clang-3.9: error: linker command failed with exit code 1 (use -v to see invocation)

build/matchPair.c:
/nix/store/78w6a8zinhp7awdmrh5qbvxyci2pb8b4-glibc-2.25/lib/crt1.o: In function `_start':
/tmp/nix-build-glibc-2.25.drv-0/glibc-2.25/csu/../sysdeps/x86_64/start.S:110: undefined reference to `main'
clang-3.9: error: linker command failed with exit code 1 (use -v to see invocation)

build/state.c:
/nix/store/78w6a8zinhp7awdmrh5qbvxyci2pb8b4-glibc-2.25/lib/crt1.o: In function `_start':
/tmp/nix-build-glibc-2.25.drv-0/glibc-2.25/csu/../sysdeps/x86_64/start.S:110: undefined reference to `main'
clang-3.9: error: linker command failed with exit code 1 (use -v to see invocation)

build/lamSum.c:
/nix/store/78w6a8zinhp7awdmrh5qbvxyci2pb8b4-glibc-2.25/lib/crt1.o: In function `_start':
/tmp/nix-build-glibc-2.25.drv-0/glibc-2.25/csu/../sysdeps/x86_64/start.S:110: undefined reference to `main'
clang-3.9: error: linker command failed with exit code 1 (use -v to see invocation)

build/closureMulti.c:
build/closureMulti.c:20:3: error: use of undeclared identifier 'f_a'
  f_a = closure_f;
  ^
1 error generated.

build/closureCapture.c:
build/closureCapture.c:12:8: error: use of undeclared identifier 'x_f'
  _a = x_f;
       ^
build/closureCapture.c:22:3: error: use of undeclared identifier 'f_b'
  f_b = closure_g;
  ^
2 errors generated.

build/asignal.c:
build/asignal.c:54:8: error: use of undeclared identifier 'width_f'; did you mean 'width_d'?
  _c = width_f;
       ^~~~~~~
       width_d
build/asignal.c:48:50: note: 'width_d' declared here
struct mdata_real fn_c(struct clos_e env, double width_d)
                                                 ^
build/asignal.c:66:3: error: use of undeclared identifier 'noise_b'
  noise_b = closure_g;
  ^
build/asignal.c:67:3: error: use of undeclared identifier 'clos_i'
  clos_i = noise_b;
  ^
build/asignal.c:67:12: error: use of undeclared identifier 'noise_b'
  clos_i = noise_b;
           ^
build/asignal.c:68:3: error: use of undeclared identifier 'param_j'
  param_j = noise_b;
  ^
build/asignal.c:68:13: error: use of undeclared identifier 'noise_b'
  param_j = noise_b;
            ^
build/asignal.c:69:9: error: use of undeclared identifier 'clos_i'
  m_h = clos_i.fn(param_j);
        ^
build/asignal.c:69:19: error: use of undeclared identifier 'param_j'
  m_h = clos_i.fn(param_j);
                  ^
8 errors generated.

build/simp_hello2.c:
/nix/store/78w6a8zinhp7awdmrh5qbvxyci2pb8b4-glibc-2.25/lib/crt1.o: In function `_start':
/tmp/nix-build-glibc-2.25.drv-0/glibc-2.25/csu/../sysdeps/x86_64/start.S:110: undefined reference to `main'
clang-3.9: error: linker command failed with exit code 1 (use -v to see invocation)

build/perceptronTrain.c:
build/perceptronTrain.c:60:8: error: use of undeclared identifier 'params_j'; did you mean 'params_f'?
  _b = params_j;
       ^~~~~~~~
       params_f
build/perceptronTrain.c:33:127: note: 'params_f' declared here
struct dat_Karray_realKrealDV fn_c(struct clos_g env, struct array_int features_d, int label_e, struct dat_Karray_realKrealDV params_f)
                                                                                                                              ^
build/perceptronTrain.c:80:10: error: use of undeclared identifier 'features_h'; did you mean 'features_d'?
    _q = features_h;
         ^~~~~~~~~~
         features_d
build/perceptronTrain.c:33:72: note: 'features_d' declared here
struct dat_Karray_realKrealDV fn_c(struct clos_g env, struct array_int features_d, int label_e, struct dat_Karray_realKrealDV params_f)
                                                                       ^
build/perceptronTrain.c:92:8: error: use of undeclared identifier 'label_i'; did you mean 'label_e'?
  _y = label_i;
       ^~~~~~~
       label_e
build/perceptronTrain.c:33:88: note: 'label_e' declared here
struct dat_Karray_realKrealDV fn_c(struct clos_g env, struct array_int features_d, int label_e, struct dat_Karray_realKrealDV params_f)
                                                                                       ^
build/perceptronTrain.c:98:9: error: use of undeclared identifier 'label_i'; did you mean 'label_e'?
  _a4 = label_i;
        ^~~~~~~
        label_e
build/perceptronTrain.c:33:88: note: 'label_e' declared here
struct dat_Karray_realKrealDV fn_c(struct clos_g env, struct array_int features_d, int label_e, struct dat_Karray_realKrealDV params_f)
                                                                                       ^
build/perceptronTrain.c:105:18: warning: equality comparison with extraneous parentheses [-Wparentheses-equality]
   if ((_u.index == 0))
        ~~~~~~~~~^~~~
build/perceptronTrain.c:105:18: note: remove extraneous parentheses around the comparison to silence this warning
   if ((_u.index == 0))
       ~         ^   ~
build/perceptronTrain.c:105:18: note: use '=' to turn this equality comparison into an assignment
   if ((_u.index == 0))
                 ^~
                 =
build/perceptronTrain.c:113:12: error: use of undeclared identifier 'features_h'; did you mean 'features_d'?
     _a7 = features_h;
           ^~~~~~~~~~
           features_d
build/perceptronTrain.c:33:72: note: 'features_d' declared here
struct dat_Karray_realKrealDV fn_c(struct clos_g env, struct array_int features_d, int label_e, struct dat_Karray_realKrealDV params_f)
                                                                       ^
build/perceptronTrain.c:131:14: error: use of undeclared identifier 'label_i'; did you mean 'label_e'?
       _ae = label_i;
             ^~~~~~~
             label_e
build/perceptronTrain.c:33:88: note: 'label_e' declared here
struct dat_Karray_realKrealDV fn_c(struct clos_g env, struct array_int features_d, int label_e, struct dat_Karray_realKrealDV params_f)
                                                                                       ^
build/perceptronTrain.c:133:14: error: use of undeclared identifier 'features_h'; did you mean 'features_d'?
       _ah = features_h;
             ^~~~~~~~~~
             features_d
build/perceptronTrain.c:33:72: note: 'features_d' declared here
struct dat_Karray_realKrealDV fn_c(struct clos_g env, struct array_int features_d, int label_e, struct dat_Karray_realKrealDV params_f)
                                                                       ^
build/perceptronTrain.c:140:12: error: use of undeclared identifier 'label_i'; did you mean 'label_e'?
     _aj = label_i;
           ^~~~~~~
           label_e
build/perceptronTrain.c:33:88: note: 'label_e' declared here
struct dat_Karray_realKrealDV fn_c(struct clos_g env, struct array_int features_d, int label_e, struct dat_Karray_realKrealDV params_f)
                                                                                       ^
build/perceptronTrain.c:147:11: error: use of undeclared identifier 'params_j'; did you mean 'params_f'?
     _a = params_j;
          ^~~~~~~~
          params_f
build/perceptronTrain.c:33:127: note: 'params_f' declared here
struct dat_Karray_realKrealDV fn_c(struct clos_g env, struct array_int features_d, int label_e, struct dat_Karray_realKrealDV params_f)
                                                                                                                              ^
build/perceptronTrain.c:155:3: error: use of undeclared identifier 'perceptronUpdate_b'
  perceptronUpdate_b = closure_k;
  ^
build/perceptronTrain.c:156:3: error: use of undeclared identifier 'out_a'
  out_a = perceptronUpdate_b;
  ^
build/perceptronTrain.c:156:11: error: use of undeclared identifier 'perceptronUpdate_b'
  out_a = perceptronUpdate_b;
          ^
build/perceptronTrain.c:157:10: error: use of undeclared identifier 'out_a'
  return out_a;
         ^
1 warning and 13 errors generated.

build/MissingData.c:
clang-3.9: error: no such file or directory: 'build/MissingData.c'

build/closure.c:
build/closure.c:20:3: error: use of undeclared identifier 'bar_a'
  bar_a = closure_e;
  ^
build/closure.c:21:3: error: use of undeclared identifier 'clos_f'
  clos_f = bar_a;
  ^
build/closure.c:21:12: error: use of undeclared identifier 'bar_a'
  clos_f = bar_a;
           ^
build/closure.c:22:3: error: use of undeclared identifier 'param_g'
  param_g = bar_a;
  ^
build/closure.c:22:13: error: use of undeclared identifier 'bar_a'
  param_g = bar_a;
            ^
build/closure.c:23:12: error: use of undeclared identifier 'clos_f'
  result = clos_f.fn(param_g);
           ^
build/closure.c:23:22: error: use of undeclared identifier 'param_g'
  result = clos_f.fn(param_g);
                     ^
7 errors generated.

build/diracBound.c:
clang-3.9: error: no such file or directory: 'build/diracBound.c'
